#-----------------------------------------------------------
# Vivado v2017.4.1 (64-bit)
# SW Build 2117270 on Tue Jan 30 15:32:00 MST 2018
# IP Build 2095745 on Tue Jan 30 17:13:15 MST 2018
# Start of session at: Fri May  6 02:33:36 2022
# Process ID: 20024
# Current directory: C:/Users/mertc/Desktop/BLG222E-Project1/BLG-Project1
# Command line: vivado.exe -gui_launcher_event rodinguilauncherevent21268 C:\Users\mertc\Desktop\BLG222E-Project1\BLG-Project1\BLG-Project1.xpr
# Log file: C:/Users/mertc/Desktop/BLG222E-Project1/BLG-Project1/vivado.log
# Journal file: C:/Users/mertc/Desktop/BLG222E-Project1/BLG-Project1\vivado.jou
#-----------------------------------------------------------
start_gui
open_project C:/Users/mertc/Desktop/BLG222E-Project1/BLG-Project1/BLG-Project1.xpr
INFO: [Project 1-313] Project file moved from 'C:/Users/CCT/Desktop/Homeworks/BLG222E-Project1/BLG-Project1' since last save.
Scanning sources...
Finished scanning sources
INFO: [IP_Flow 19-234] Refreshing IP repositories
INFO: [IP_Flow 19-1704] No user IP repositories specified
INFO: [IP_Flow 19-2313] Loaded Vivado IP repository 'D:/Vivado/2017.4/data/ip'.
update_compile_order -fileset sources_1
set_property top PART2_c_test [get_filesets sim_1]
set_property top_lib xil_defaultlib [get_filesets sim_1]
launch_simulation
INFO: [Vivado 12-5682] Launching behavioral simulation in 'C:/Users/mertc/Desktop/BLG222E-Project1/BLG-Project1/BLG-Project1.sim/sim_1/behav/xsim'
INFO: [SIM-utils-51] Simulation object is 'sim_1'
INFO: [SIM-utils-54] Inspecting design source files for 'PART2_c_test' in fileset 'sim_1'...
INFO: [USF-XSim-97] Finding global include files...
INFO: [USF-XSim-98] Fetching design files from 'sim_1'...
INFO: [USF-XSim-2] XSim::Compile design
INFO: [USF-XSim-61] Executing 'COMPILE and ANALYZE' step in 'C:/Users/mertc/Desktop/BLG222E-Project1/BLG-Project1/BLG-Project1.sim/sim_1/behav/xsim'
"xvlog --incr --relax -prj PART2_c_test_vlog.prj"
INFO: [VRFC 10-2263] Analyzing Verilog file "C:/Users/mertc/Desktop/BLG222E-Project1/BLG-Project1/BLG-Project1.srcs/sources_1/new/designs.v" into library xil_defaultlib
INFO: [VRFC 10-311] analyzing module D_Latch
INFO: [VRFC 10-311] analyzing module D_Flip_Flop
INFO: [VRFC 10-311] analyzing module MUX2_1_8bit
INFO: [VRFC 10-311] analyzing module MUX4_1_8bit
INFO: [VRFC 10-311] analyzing module MUX2_1_16bit
INFO: [VRFC 10-311] analyzing module Full_Adder_1bit
INFO: [VRFC 10-311] analyzing module Adder_Substractor_8bit
INFO: [VRFC 10-311] analyzing module Adder_Substractor_16bit
INFO: [VRFC 10-311] analyzing module PART1_8bit
INFO: [VRFC 10-311] analyzing module PART1_16bit
INFO: [VRFC 10-311] analyzing module PART2_a
INFO: [VRFC 10-311] analyzing module PART2_b
INFO: [VRFC 10-311] analyzing module PART2_c
INFO: [VRFC 10-2263] Analyzing Verilog file "C:/Users/mertc/Desktop/BLG222E-Project1/BLG-Project1/BLG-Project1.srcs/sim_1/new/simulations.v" into library xil_defaultlib
INFO: [VRFC 10-311] analyzing module part1_8bit_test
INFO: [VRFC 10-311] analyzing module part1_16bit_test
INFO: [VRFC 10-311] analyzing module PART2_c_test
INFO: [USF-XSim-69] 'compile' step finished in '2' seconds
INFO: [USF-XSim-3] XSim::Elaborate design
INFO: [USF-XSim-61] Executing 'ELABORATE' step in 'C:/Users/mertc/Desktop/BLG222E-Project1/BLG-Project1/BLG-Project1.sim/sim_1/behav/xsim'
Vivado Simulator 2017.4
Copyright 1986-1999, 2001-2016 Xilinx, Inc. All Rights Reserved.
Running: D:/Vivado/2017.4/bin/unwrapped/win64.o/xelab.exe -wto f97be7fe3a3244819be057ad0ade57cb --incr --debug typical --relax --mt 2 -L xil_defaultlib -L unisims_ver -L unimacro_ver -L secureip --snapshot PART2_c_test_behav xil_defaultlib.PART2_c_test xil_defaultlib.glbl -log elaborate.log 
Using 2 slave threads.
Starting static elaboration
WARNING: [VRFC 10-278] actual bit length 1 differs from formal bit length 16 for port IRout [C:/Users/mertc/Desktop/BLG222E-Project1/BLG-Project1/BLG-Project1.srcs/sim_1/new/simulations.v:89]
WARNING: [VRFC 10-278] actual bit length 32 differs from formal bit length 1 for port Cin [C:/Users/mertc/Desktop/BLG222E-Project1/BLG-Project1/BLG-Project1.srcs/sources_1/new/designs.v:344]
Completed static elaboration
Starting simulation data flow analysis
Completed simulation data flow analysis
Time Resolution for simulation is 1ps
Compiling module xil_defaultlib.MUX2_1_16bit
Compiling module xil_defaultlib.Full_Adder_1bit
Compiling module xil_defaultlib.Adder_Substractor_8bit
Compiling module xil_defaultlib.Adder_Substractor_16bit
Compiling module xil_defaultlib.D_Latch
Compiling module xil_defaultlib.D_Flip_Flop
Compiling module xil_defaultlib.PART1_16bit
Compiling module xil_defaultlib.PART2_c
Compiling module xil_defaultlib.PART2_c_test
Compiling module xil_defaultlib.glbl
Built simulation snapshot PART2_c_test_behav

****** Webtalk v2017.4.1 (64-bit)
  **** SW Build 2117270 on Tue Jan 30 15:32:00 MST 2018
  **** IP Build 2095745 on Tue Jan 30 17:13:15 MST 2018
    ** Copyright 1986-2017 Xilinx, Inc. All Rights Reserved.

source C:/Users/mertc/Desktop/BLG222E-Project1/BLG-Project1/BLG-Project1.sim/sim_1/behav/xsim/xsim.dir/PART2_c_test_behav/webtalk/xsim_webtalk.tcl -notrace
INFO: [Common 17-206] Exiting Webtalk at Fri May  6 02:42:51 2022...
run_program: Time (s): cpu = 00:00:00 ; elapsed = 00:00:08 . Memory (MB): peak = 730.488 ; gain = 0.000
INFO: [USF-XSim-69] 'elaborate' step finished in '8' seconds
INFO: [USF-XSim-4] XSim::Simulate design
INFO: [USF-XSim-61] Executing 'SIMULATE' step in 'C:/Users/mertc/Desktop/BLG222E-Project1/BLG-Project1/BLG-Project1.sim/sim_1/behav/xsim'
INFO: [USF-XSim-98] *** Running xsim
   with args "PART2_c_test_behav -key {Behavioral:sim_1:Functional:PART2_c_test} -tclbatch {PART2_c_test.tcl} -log {simulate.log}"
INFO: [USF-XSim-8] Loading simulator feature
Vivado Simulator 2017.4
Time resolution is 1 ps
source PART2_c_test.tcl
# set curr_wave [current_wave_config]
# if { [string length $curr_wave] == 0 } {
#   if { [llength [get_objects]] > 0} {
#     add_wave /
#     set_property needs_save false [current_wave_config]
#   } else {
#      send_msg_id Add_Wave-1 WARNING "No top level signals found. Simulator will start without a wave window. If you want to open a wave window go to 'File->New Waveform Configuration' or type 'create_wave_config' in the TCL console."
#   }
# }
# run 1000ns
INFO: [USF-XSim-96] XSim completed. Design snapshot 'PART2_c_test_behav' loaded.
INFO: [USF-XSim-97] XSim simulation ran for 1000ns
launch_simulation: Time (s): cpu = 00:00:03 ; elapsed = 00:00:13 . Memory (MB): peak = 730.488 ; gain = 0.000
close_sim
INFO: [Simtcl 6-16] Simulation closed
launch_simulation
INFO: [Vivado 12-5682] Launching behavioral simulation in 'C:/Users/mertc/Desktop/BLG222E-Project1/BLG-Project1/BLG-Project1.sim/sim_1/behav/xsim'
INFO: [SIM-utils-51] Simulation object is 'sim_1'
INFO: [SIM-utils-54] Inspecting design source files for 'PART2_c_test' in fileset 'sim_1'...
INFO: [USF-XSim-97] Finding global include files...
INFO: [USF-XSim-98] Fetching design files from 'sim_1'...
INFO: [USF-XSim-2] XSim::Compile design
INFO: [USF-XSim-61] Executing 'COMPILE and ANALYZE' step in 'C:/Users/mertc/Desktop/BLG222E-Project1/BLG-Project1/BLG-Project1.sim/sim_1/behav/xsim'
"xvlog --incr --relax -prj PART2_c_test_vlog.prj"
INFO: [VRFC 10-2263] Analyzing Verilog file "C:/Users/mertc/Desktop/BLG222E-Project1/BLG-Project1/BLG-Project1.srcs/sources_1/new/designs.v" into library xil_defaultlib
INFO: [VRFC 10-311] analyzing module D_Latch
INFO: [VRFC 10-311] analyzing module D_Flip_Flop
INFO: [VRFC 10-311] analyzing module MUX2_1_8bit
INFO: [VRFC 10-311] analyzing module MUX4_1_8bit
INFO: [VRFC 10-311] analyzing module MUX2_1_16bit
INFO: [VRFC 10-311] analyzing module Full_Adder_1bit
INFO: [VRFC 10-311] analyzing module Adder_Substractor_8bit
INFO: [VRFC 10-311] analyzing module Adder_Substractor_16bit
INFO: [VRFC 10-311] analyzing module PART1_8bit
INFO: [VRFC 10-311] analyzing module PART1_16bit
INFO: [VRFC 10-311] analyzing module PART2_a
INFO: [VRFC 10-311] analyzing module PART2_b
INFO: [VRFC 10-311] analyzing module PART2_c
INFO: [VRFC 10-2263] Analyzing Verilog file "C:/Users/mertc/Desktop/BLG222E-Project1/BLG-Project1/BLG-Project1.srcs/sim_1/new/simulations.v" into library xil_defaultlib
INFO: [VRFC 10-311] analyzing module part1_8bit_test
INFO: [VRFC 10-311] analyzing module part1_16bit_test
INFO: [VRFC 10-311] analyzing module PART2_c_test
INFO: [USF-XSim-69] 'compile' step finished in '1' seconds
INFO: [USF-XSim-3] XSim::Elaborate design
INFO: [USF-XSim-61] Executing 'ELABORATE' step in 'C:/Users/mertc/Desktop/BLG222E-Project1/BLG-Project1/BLG-Project1.sim/sim_1/behav/xsim'
Vivado Simulator 2017.4
Copyright 1986-1999, 2001-2016 Xilinx, Inc. All Rights Reserved.
Running: D:/Vivado/2017.4/bin/unwrapped/win64.o/xelab.exe -wto f97be7fe3a3244819be057ad0ade57cb --incr --debug typical --relax --mt 2 -L xil_defaultlib -L unisims_ver -L unimacro_ver -L secureip --snapshot PART2_c_test_behav xil_defaultlib.PART2_c_test xil_defaultlib.glbl -log elaborate.log 
Using 2 slave threads.
Starting static elaboration
WARNING: [VRFC 10-278] actual bit length 32 differs from formal bit length 1 for port Cin [C:/Users/mertc/Desktop/BLG222E-Project1/BLG-Project1/BLG-Project1.srcs/sources_1/new/designs.v:344]
Completed static elaboration
Starting simulation data flow analysis
Completed simulation data flow analysis
Time Resolution for simulation is 1ps
Compiling module xil_defaultlib.MUX2_1_16bit
Compiling module xil_defaultlib.Full_Adder_1bit
Compiling module xil_defaultlib.Adder_Substractor_8bit
Compiling module xil_defaultlib.Adder_Substractor_16bit
Compiling module xil_defaultlib.D_Latch
Compiling module xil_defaultlib.D_Flip_Flop
Compiling module xil_defaultlib.PART1_16bit
Compiling module xil_defaultlib.PART2_c
Compiling module xil_defaultlib.PART2_c_test
Compiling module xil_defaultlib.glbl
Built simulation snapshot PART2_c_test_behav
INFO: [USF-XSim-69] 'elaborate' step finished in '2' seconds
INFO: [USF-XSim-4] XSim::Simulate design
INFO: [USF-XSim-61] Executing 'SIMULATE' step in 'C:/Users/mertc/Desktop/BLG222E-Project1/BLG-Project1/BLG-Project1.sim/sim_1/behav/xsim'
INFO: [USF-XSim-98] *** Running xsim
   with args "PART2_c_test_behav -key {Behavioral:sim_1:Functional:PART2_c_test} -tclbatch {PART2_c_test.tcl} -log {simulate.log}"
INFO: [USF-XSim-8] Loading simulator feature
Vivado Simulator 2017.4
Time resolution is 1 ps
source PART2_c_test.tcl
# set curr_wave [current_wave_config]
# if { [string length $curr_wave] == 0 } {
#   if { [llength [get_objects]] > 0} {
#     add_wave /
#     set_property needs_save false [current_wave_config]
#   } else {
#      send_msg_id Add_Wave-1 WARNING "No top level signals found. Simulator will start without a wave window. If you want to open a wave window go to 'File->New Waveform Configuration' or type 'create_wave_config' in the TCL console."
#   }
# }
# run 1000ns
INFO: [USF-XSim-96] XSim completed. Design snapshot 'PART2_c_test_behav' loaded.
INFO: [USF-XSim-97] XSim simulation ran for 1000ns
launch_simulation: Time (s): cpu = 00:00:02 ; elapsed = 00:00:05 . Memory (MB): peak = 749.539 ; gain = 0.113
close_sim
INFO: [Simtcl 6-16] Simulation closed
launch_simulation
INFO: [Vivado 12-5682] Launching behavioral simulation in 'C:/Users/mertc/Desktop/BLG222E-Project1/BLG-Project1/BLG-Project1.sim/sim_1/behav/xsim'
INFO: [SIM-utils-51] Simulation object is 'sim_1'
INFO: [SIM-utils-54] Inspecting design source files for 'PART2_c_test' in fileset 'sim_1'...
INFO: [USF-XSim-97] Finding global include files...
INFO: [USF-XSim-98] Fetching design files from 'sim_1'...
INFO: [USF-XSim-2] XSim::Compile design
INFO: [USF-XSim-61] Executing 'COMPILE and ANALYZE' step in 'C:/Users/mertc/Desktop/BLG222E-Project1/BLG-Project1/BLG-Project1.sim/sim_1/behav/xsim'
"xvlog --incr --relax -prj PART2_c_test_vlog.prj"
INFO: [VRFC 10-2263] Analyzing Verilog file "C:/Users/mertc/Desktop/BLG222E-Project1/BLG-Project1/BLG-Project1.srcs/sources_1/new/designs.v" into library xil_defaultlib
INFO: [VRFC 10-311] analyzing module D_Latch
INFO: [VRFC 10-311] analyzing module D_Flip_Flop
INFO: [VRFC 10-311] analyzing module MUX2_1_8bit
INFO: [VRFC 10-311] analyzing module MUX4_1_8bit
INFO: [VRFC 10-311] analyzing module MUX2_1_16bit
INFO: [VRFC 10-311] analyzing module Full_Adder_1bit
INFO: [VRFC 10-311] analyzing module Adder_Substractor_8bit
INFO: [VRFC 10-311] analyzing module Adder_Substractor_16bit
INFO: [VRFC 10-311] analyzing module PART1_8bit
INFO: [VRFC 10-311] analyzing module PART1_16bit
INFO: [VRFC 10-311] analyzing module PART2_a
INFO: [VRFC 10-311] analyzing module PART2_b
INFO: [VRFC 10-311] analyzing module PART2_c
INFO: [VRFC 10-2263] Analyzing Verilog file "C:/Users/mertc/Desktop/BLG222E-Project1/BLG-Project1/BLG-Project1.srcs/sim_1/new/simulations.v" into library xil_defaultlib
INFO: [VRFC 10-311] analyzing module part1_8bit_test
INFO: [VRFC 10-311] analyzing module part1_16bit_test
INFO: [VRFC 10-311] analyzing module PART2_c_test
INFO: [USF-XSim-69] 'compile' step finished in '1' seconds
INFO: [USF-XSim-3] XSim::Elaborate design
INFO: [USF-XSim-61] Executing 'ELABORATE' step in 'C:/Users/mertc/Desktop/BLG222E-Project1/BLG-Project1/BLG-Project1.sim/sim_1/behav/xsim'
Vivado Simulator 2017.4
Copyright 1986-1999, 2001-2016 Xilinx, Inc. All Rights Reserved.
Running: D:/Vivado/2017.4/bin/unwrapped/win64.o/xelab.exe -wto f97be7fe3a3244819be057ad0ade57cb --incr --debug typical --relax --mt 2 -L xil_defaultlib -L unisims_ver -L unimacro_ver -L secureip --snapshot PART2_c_test_behav xil_defaultlib.PART2_c_test xil_defaultlib.glbl -log elaborate.log 
Using 2 slave threads.
Starting static elaboration
WARNING: [VRFC 10-278] actual bit length 32 differs from formal bit length 1 for port Cin [C:/Users/mertc/Desktop/BLG222E-Project1/BLG-Project1/BLG-Project1.srcs/sources_1/new/designs.v:344]
Completed static elaboration
Starting simulation data flow analysis
Completed simulation data flow analysis
Time Resolution for simulation is 1ps
Compiling module xil_defaultlib.MUX2_1_16bit
Compiling module xil_defaultlib.Full_Adder_1bit
Compiling module xil_defaultlib.Adder_Substractor_8bit
Compiling module xil_defaultlib.Adder_Substractor_16bit
Compiling module xil_defaultlib.D_Latch
Compiling module xil_defaultlib.D_Flip_Flop
Compiling module xil_defaultlib.PART1_16bit
Compiling module xil_defaultlib.PART2_c
Compiling module xil_defaultlib.PART2_c_test
Compiling module xil_defaultlib.glbl
Built simulation snapshot PART2_c_test_behav
INFO: [USF-XSim-69] 'elaborate' step finished in '2' seconds
INFO: [USF-XSim-4] XSim::Simulate design
INFO: [USF-XSim-61] Executing 'SIMULATE' step in 'C:/Users/mertc/Desktop/BLG222E-Project1/BLG-Project1/BLG-Project1.sim/sim_1/behav/xsim'
INFO: [USF-XSim-98] *** Running xsim
   with args "PART2_c_test_behav -key {Behavioral:sim_1:Functional:PART2_c_test} -tclbatch {PART2_c_test.tcl} -log {simulate.log}"
INFO: [USF-XSim-8] Loading simulator feature
Vivado Simulator 2017.4
Time resolution is 1 ps
source PART2_c_test.tcl
# set curr_wave [current_wave_config]
# if { [string length $curr_wave] == 0 } {
#   if { [llength [get_objects]] > 0} {
#     add_wave /
#     set_property needs_save false [current_wave_config]
#   } else {
#      send_msg_id Add_Wave-1 WARNING "No top level signals found. Simulator will start without a wave window. If you want to open a wave window go to 'File->New Waveform Configuration' or type 'create_wave_config' in the TCL console."
#   }
# }
# run 1000ns
INFO: [USF-XSim-96] XSim completed. Design snapshot 'PART2_c_test_behav' loaded.
INFO: [USF-XSim-97] XSim simulation ran for 1000ns
launch_simulation: Time (s): cpu = 00:00:02 ; elapsed = 00:00:05 . Memory (MB): peak = 752.719 ; gain = 0.000
close_sim
INFO: [Simtcl 6-16] Simulation closed
launch_simulation
INFO: [Vivado 12-5682] Launching behavioral simulation in 'C:/Users/mertc/Desktop/BLG222E-Project1/BLG-Project1/BLG-Project1.sim/sim_1/behav/xsim'
INFO: [SIM-utils-51] Simulation object is 'sim_1'
INFO: [SIM-utils-54] Inspecting design source files for 'PART2_c_test' in fileset 'sim_1'...
INFO: [USF-XSim-97] Finding global include files...
INFO: [USF-XSim-98] Fetching design files from 'sim_1'...
INFO: [USF-XSim-2] XSim::Compile design
INFO: [USF-XSim-61] Executing 'COMPILE and ANALYZE' step in 'C:/Users/mertc/Desktop/BLG222E-Project1/BLG-Project1/BLG-Project1.sim/sim_1/behav/xsim'
"xvlog --incr --relax -prj PART2_c_test_vlog.prj"
INFO: [VRFC 10-2263] Analyzing Verilog file "C:/Users/mertc/Desktop/BLG222E-Project1/BLG-Project1/BLG-Project1.srcs/sources_1/new/designs.v" into library xil_defaultlib
INFO: [VRFC 10-311] analyzing module D_Latch
INFO: [VRFC 10-311] analyzing module D_Flip_Flop
INFO: [VRFC 10-311] analyzing module MUX2_1_8bit
INFO: [VRFC 10-311] analyzing module MUX4_1_8bit
INFO: [VRFC 10-311] analyzing module MUX2_1_16bit
INFO: [VRFC 10-311] analyzing module Full_Adder_1bit
INFO: [VRFC 10-311] analyzing module Adder_Substractor_8bit
INFO: [VRFC 10-311] analyzing module Adder_Substractor_16bit
INFO: [VRFC 10-311] analyzing module PART1_8bit
INFO: [VRFC 10-311] analyzing module PART1_16bit
INFO: [VRFC 10-311] analyzing module PART2_a
INFO: [VRFC 10-311] analyzing module PART2_b
INFO: [VRFC 10-311] analyzing module PART2_c
INFO: [VRFC 10-2263] Analyzing Verilog file "C:/Users/mertc/Desktop/BLG222E-Project1/BLG-Project1/BLG-Project1.srcs/sim_1/new/simulations.v" into library xil_defaultlib
INFO: [VRFC 10-311] analyzing module part1_8bit_test
INFO: [VRFC 10-311] analyzing module part1_16bit_test
INFO: [VRFC 10-311] analyzing module PART2_c_test
INFO: [USF-XSim-69] 'compile' step finished in '1' seconds
INFO: [USF-XSim-3] XSim::Elaborate design
INFO: [USF-XSim-61] Executing 'ELABORATE' step in 'C:/Users/mertc/Desktop/BLG222E-Project1/BLG-Project1/BLG-Project1.sim/sim_1/behav/xsim'
Vivado Simulator 2017.4
Copyright 1986-1999, 2001-2016 Xilinx, Inc. All Rights Reserved.
Running: D:/Vivado/2017.4/bin/unwrapped/win64.o/xelab.exe -wto f97be7fe3a3244819be057ad0ade57cb --incr --debug typical --relax --mt 2 -L xil_defaultlib -L unisims_ver -L unimacro_ver -L secureip --snapshot PART2_c_test_behav xil_defaultlib.PART2_c_test xil_defaultlib.glbl -log elaborate.log 
Using 2 slave threads.
Starting static elaboration
WARNING: [VRFC 10-278] actual bit length 32 differs from formal bit length 1 for port Cin [C:/Users/mertc/Desktop/BLG222E-Project1/BLG-Project1/BLG-Project1.srcs/sources_1/new/designs.v:344]
Completed static elaboration
Starting simulation data flow analysis
Completed simulation data flow analysis
Time Resolution for simulation is 1ps
Compiling module xil_defaultlib.MUX2_1_16bit
Compiling module xil_defaultlib.Full_Adder_1bit
Compiling module xil_defaultlib.Adder_Substractor_8bit
Compiling module xil_defaultlib.Adder_Substractor_16bit
Compiling module xil_defaultlib.D_Latch
Compiling module xil_defaultlib.D_Flip_Flop
Compiling module xil_defaultlib.PART1_16bit
Compiling module xil_defaultlib.PART2_c
Compiling module xil_defaultlib.PART2_c_test
Compiling module xil_defaultlib.glbl
Built simulation snapshot PART2_c_test_behav
INFO: [USF-XSim-69] 'elaborate' step finished in '2' seconds
INFO: [USF-XSim-4] XSim::Simulate design
INFO: [USF-XSim-61] Executing 'SIMULATE' step in 'C:/Users/mertc/Desktop/BLG222E-Project1/BLG-Project1/BLG-Project1.sim/sim_1/behav/xsim'
INFO: [USF-XSim-98] *** Running xsim
   with args "PART2_c_test_behav -key {Behavioral:sim_1:Functional:PART2_c_test} -tclbatch {PART2_c_test.tcl} -log {simulate.log}"
INFO: [USF-XSim-8] Loading simulator feature
Vivado Simulator 2017.4
Time resolution is 1 ps
source PART2_c_test.tcl
# set curr_wave [current_wave_config]
# if { [string length $curr_wave] == 0 } {
#   if { [llength [get_objects]] > 0} {
#     add_wave /
#     set_property needs_save false [current_wave_config]
#   } else {
#      send_msg_id Add_Wave-1 WARNING "No top level signals found. Simulator will start without a wave window. If you want to open a wave window go to 'File->New Waveform Configuration' or type 'create_wave_config' in the TCL console."
#   }
# }
# run 1000ns
INFO: [USF-XSim-96] XSim completed. Design snapshot 'PART2_c_test_behav' loaded.
INFO: [USF-XSim-97] XSim simulation ran for 1000ns
restart
INFO: [Simtcl 6-17] Simulation restarted
run 5 ns
run all
run: Time (s): cpu = 00:00:11 ; elapsed = 00:00:12 . Memory (MB): peak = 759.242 ; gain = 0.707
restart
INFO: [Simtcl 6-17] Simulation restarted
run 5 ns
run 5 ns
synth_design -rtl -name rtl_1
Command: synth_design -rtl -name rtl_1
Starting synth_design
Using part: xc7a100tcsg324-1
Top: PART2_c
---------------------------------------------------------------------------------
Starting RTL Elaboration : Time (s): cpu = 00:00:05 ; elapsed = 00:00:06 . Memory (MB): peak = 875.457 ; gain = 110.309
---------------------------------------------------------------------------------
INFO: [Synth 8-638] synthesizing module 'PART2_c' [C:/Users/mertc/Desktop/BLG222E-Project1/BLG-Project1/BLG-Project1.srcs/sources_1/new/designs.v:318]
INFO: [Synth 8-638] synthesizing module 'MUX2_1_16bit' [C:/Users/mertc/Desktop/BLG222E-Project1/BLG-Project1/BLG-Project1.srcs/sources_1/new/designs.v:92]
INFO: [Synth 8-256] done synthesizing module 'MUX2_1_16bit' (1#1) [C:/Users/mertc/Desktop/BLG222E-Project1/BLG-Project1/BLG-Project1.srcs/sources_1/new/designs.v:92]
INFO: [Synth 8-638] synthesizing module 'Adder_Substractor_16bit' [C:/Users/mertc/Desktop/BLG222E-Project1/BLG-Project1/BLG-Project1.srcs/sources_1/new/designs.v:161]
INFO: [Synth 8-638] synthesizing module 'Adder_Substractor_8bit' [C:/Users/mertc/Desktop/BLG222E-Project1/BLG-Project1/BLG-Project1.srcs/sources_1/new/designs.v:131]
INFO: [Synth 8-638] synthesizing module 'Full_Adder_1bit' [C:/Users/mertc/Desktop/BLG222E-Project1/BLG-Project1/BLG-Project1.srcs/sources_1/new/designs.v:118]
INFO: [Synth 8-256] done synthesizing module 'Full_Adder_1bit' (2#1) [C:/Users/mertc/Desktop/BLG222E-Project1/BLG-Project1/BLG-Project1.srcs/sources_1/new/designs.v:118]
INFO: [Synth 8-256] done synthesizing module 'Adder_Substractor_8bit' (3#1) [C:/Users/mertc/Desktop/BLG222E-Project1/BLG-Project1/BLG-Project1.srcs/sources_1/new/designs.v:131]
INFO: [Synth 8-256] done synthesizing module 'Adder_Substractor_16bit' (4#1) [C:/Users/mertc/Desktop/BLG222E-Project1/BLG-Project1/BLG-Project1.srcs/sources_1/new/designs.v:161]
INFO: [Synth 8-638] synthesizing module 'PART1_16bit' [C:/Users/mertc/Desktop/BLG222E-Project1/BLG-Project1/BLG-Project1.srcs/sources_1/new/designs.v:216]
INFO: [Synth 8-638] synthesizing module 'D_Flip_Flop' [C:/Users/mertc/Desktop/BLG222E-Project1/BLG-Project1/BLG-Project1.srcs/sources_1/new/designs.v:39]
INFO: [Synth 8-638] synthesizing module 'D_Latch' [C:/Users/mertc/Desktop/BLG222E-Project1/BLG-Project1/BLG-Project1.srcs/sources_1/new/designs.v:23]
INFO: [Synth 8-256] done synthesizing module 'D_Latch' (5#1) [C:/Users/mertc/Desktop/BLG222E-Project1/BLG-Project1/BLG-Project1.srcs/sources_1/new/designs.v:23]
INFO: [Synth 8-256] done synthesizing module 'D_Flip_Flop' (6#1) [C:/Users/mertc/Desktop/BLG222E-Project1/BLG-Project1/BLG-Project1.srcs/sources_1/new/designs.v:39]
INFO: [Synth 8-256] done synthesizing module 'PART1_16bit' (7#1) [C:/Users/mertc/Desktop/BLG222E-Project1/BLG-Project1/BLG-Project1.srcs/sources_1/new/designs.v:216]
INFO: [Synth 8-256] done synthesizing module 'PART2_c' (8#1) [C:/Users/mertc/Desktop/BLG222E-Project1/BLG-Project1/BLG-Project1.srcs/sources_1/new/designs.v:318]
---------------------------------------------------------------------------------
Finished RTL Elaboration : Time (s): cpu = 00:00:06 ; elapsed = 00:00:07 . Memory (MB): peak = 929.344 ; gain = 164.195
---------------------------------------------------------------------------------

Report Check Netlist: 
+------+------------------+-------+---------+-------+------------------+
|      |Item              |Errors |Warnings |Status |Description       |
+------+------------------+-------+---------+-------+------------------+
|1     |multi_driven_nets |      0|        0|Passed |Multi driven nets |
+------+------------------+-------+---------+-------+------------------+
WARNING: [Synth 8-3295] tying undriven pin add_mux:S0[7] to constant 0 [C:/Users/mertc/Desktop/BLG222E-Project1/BLG-Project1/BLG-Project1.srcs/sources_1/new/designs.v:335]
WARNING: [Synth 8-3295] tying undriven pin add_mux:S0[6] to constant 0 [C:/Users/mertc/Desktop/BLG222E-Project1/BLG-Project1/BLG-Project1.srcs/sources_1/new/designs.v:335]
WARNING: [Synth 8-3295] tying undriven pin add_mux:S0[5] to constant 0 [C:/Users/mertc/Desktop/BLG222E-Project1/BLG-Project1/BLG-Project1.srcs/sources_1/new/designs.v:335]
WARNING: [Synth 8-3295] tying undriven pin add_mux:S0[4] to constant 0 [C:/Users/mertc/Desktop/BLG222E-Project1/BLG-Project1/BLG-Project1.srcs/sources_1/new/designs.v:335]
WARNING: [Synth 8-3295] tying undriven pin add_mux:S0[3] to constant 0 [C:/Users/mertc/Desktop/BLG222E-Project1/BLG-Project1/BLG-Project1.srcs/sources_1/new/designs.v:335]
WARNING: [Synth 8-3295] tying undriven pin add_mux:S0[2] to constant 0 [C:/Users/mertc/Desktop/BLG222E-Project1/BLG-Project1/BLG-Project1.srcs/sources_1/new/designs.v:335]
WARNING: [Synth 8-3295] tying undriven pin add_mux:S0[1] to constant 0 [C:/Users/mertc/Desktop/BLG222E-Project1/BLG-Project1/BLG-Project1.srcs/sources_1/new/designs.v:335]
WARNING: [Synth 8-3295] tying undriven pin add_mux:S0[0] to constant 0 [C:/Users/mertc/Desktop/BLG222E-Project1/BLG-Project1/BLG-Project1.srcs/sources_1/new/designs.v:335]
WARNING: [Synth 8-3295] tying undriven pin add_mux:S1[15] to constant 0 [C:/Users/mertc/Desktop/BLG222E-Project1/BLG-Project1/BLG-Project1.srcs/sources_1/new/designs.v:335]
WARNING: [Synth 8-3295] tying undriven pin add_mux:S1[14] to constant 0 [C:/Users/mertc/Desktop/BLG222E-Project1/BLG-Project1/BLG-Project1.srcs/sources_1/new/designs.v:335]
WARNING: [Synth 8-3295] tying undriven pin add_mux:S1[13] to constant 0 [C:/Users/mertc/Desktop/BLG222E-Project1/BLG-Project1/BLG-Project1.srcs/sources_1/new/designs.v:335]
WARNING: [Synth 8-3295] tying undriven pin add_mux:S1[12] to constant 0 [C:/Users/mertc/Desktop/BLG222E-Project1/BLG-Project1/BLG-Project1.srcs/sources_1/new/designs.v:335]
WARNING: [Synth 8-3295] tying undriven pin add_mux:S1[11] to constant 0 [C:/Users/mertc/Desktop/BLG222E-Project1/BLG-Project1/BLG-Project1.srcs/sources_1/new/designs.v:335]
WARNING: [Synth 8-3295] tying undriven pin add_mux:S1[10] to constant 0 [C:/Users/mertc/Desktop/BLG222E-Project1/BLG-Project1/BLG-Project1.srcs/sources_1/new/designs.v:335]
WARNING: [Synth 8-3295] tying undriven pin add_mux:S1[9] to constant 0 [C:/Users/mertc/Desktop/BLG222E-Project1/BLG-Project1/BLG-Project1.srcs/sources_1/new/designs.v:335]
WARNING: [Synth 8-3295] tying undriven pin add_mux:S1[8] to constant 0 [C:/Users/mertc/Desktop/BLG222E-Project1/BLG-Project1/BLG-Project1.srcs/sources_1/new/designs.v:335]
---------------------------------------------------------------------------------
Finished RTL Optimization Phase 1 : Time (s): cpu = 00:00:06 ; elapsed = 00:00:07 . Memory (MB): peak = 929.344 ; gain = 164.195
---------------------------------------------------------------------------------
INFO: [Device 21-403] Loading part xc7a100tcsg324-1
INFO: [Project 1-570] Preparing netlist for logic optimization

Processing XDC Constraints
Initializing timing engine
Completed Processing XDC Constraints

INFO: [Opt 31-138] Pushed 0 inverter(s) to 0 load pin(s).
INFO: [Project 1-111] Unisim Transformation Summary:
No Unisim elements were transformed.

RTL Elaboration Complete:  : Time (s): cpu = 00:00:16 ; elapsed = 00:00:19 . Memory (MB): peak = 1264.289 ; gain = 499.141
20 Infos, 16 Warnings, 0 Critical Warnings and 0 Errors encountered.
synth_design completed successfully
synth_design: Time (s): cpu = 00:00:16 ; elapsed = 00:00:19 . Memory (MB): peak = 1264.289 ; gain = 499.141
run 5 ns
run 5 ns
run 5 ns
run 5 ns
restart
INFO: [Simtcl 6-17] Simulation restarted
run 5 ns
run 5 ns
run 5 ns
run 5 ns
run 5 ns
run 5 ns
close_sim
INFO: [Simtcl 6-16] Simulation closed
launch_simulation
INFO: [Vivado 12-5682] Launching behavioral simulation in 'C:/Users/mertc/Desktop/BLG222E-Project1/BLG-Project1/BLG-Project1.sim/sim_1/behav/xsim'
INFO: [SIM-utils-51] Simulation object is 'sim_1'
INFO: [SIM-utils-54] Inspecting design source files for 'PART2_c_test' in fileset 'sim_1'...
INFO: [USF-XSim-97] Finding global include files...
INFO: [USF-XSim-98] Fetching design files from 'sim_1'...
INFO: [USF-XSim-2] XSim::Compile design
INFO: [USF-XSim-61] Executing 'COMPILE and ANALYZE' step in 'C:/Users/mertc/Desktop/BLG222E-Project1/BLG-Project1/BLG-Project1.sim/sim_1/behav/xsim'
"xvlog --incr --relax -prj PART2_c_test_vlog.prj"
INFO: [VRFC 10-2263] Analyzing Verilog file "C:/Users/mertc/Desktop/BLG222E-Project1/BLG-Project1/BLG-Project1.srcs/sources_1/new/designs.v" into library xil_defaultlib
INFO: [VRFC 10-311] analyzing module D_Latch
INFO: [VRFC 10-311] analyzing module D_Flip_Flop
INFO: [VRFC 10-311] analyzing module MUX2_1_8bit
INFO: [VRFC 10-311] analyzing module MUX4_1_8bit
INFO: [VRFC 10-311] analyzing module MUX2_1_16bit
INFO: [VRFC 10-311] analyzing module Full_Adder_1bit
INFO: [VRFC 10-311] analyzing module Adder_Substractor_8bit
INFO: [VRFC 10-311] analyzing module Adder_Substractor_16bit
INFO: [VRFC 10-311] analyzing module PART1_8bit
INFO: [VRFC 10-311] analyzing module PART1_16bit
INFO: [VRFC 10-311] analyzing module PART2_a
INFO: [VRFC 10-311] analyzing module PART2_b
INFO: [VRFC 10-311] analyzing module AND
INFO: [VRFC 10-311] analyzing module PART2_c
INFO: [VRFC 10-2263] Analyzing Verilog file "C:/Users/mertc/Desktop/BLG222E-Project1/BLG-Project1/BLG-Project1.srcs/sim_1/new/simulations.v" into library xil_defaultlib
INFO: [VRFC 10-311] analyzing module part1_8bit_test
INFO: [VRFC 10-311] analyzing module part1_16bit_test
INFO: [VRFC 10-311] analyzing module PART2_c_test
INFO: [USF-XSim-69] 'compile' step finished in '1' seconds
INFO: [USF-XSim-3] XSim::Elaborate design
INFO: [USF-XSim-61] Executing 'ELABORATE' step in 'C:/Users/mertc/Desktop/BLG222E-Project1/BLG-Project1/BLG-Project1.sim/sim_1/behav/xsim'
Vivado Simulator 2017.4
Copyright 1986-1999, 2001-2016 Xilinx, Inc. All Rights Reserved.
Running: D:/Vivado/2017.4/bin/unwrapped/win64.o/xelab.exe -wto f97be7fe3a3244819be057ad0ade57cb --incr --debug typical --relax --mt 2 -L xil_defaultlib -L unisims_ver -L unimacro_ver -L secureip --snapshot PART2_c_test_behav xil_defaultlib.PART2_c_test xil_defaultlib.glbl -log elaborate.log 
Using 2 slave threads.
Starting static elaboration
ERROR: [VRFC 10-2538] module instantiation should have an instance name [C:/Users/mertc/Desktop/BLG222E-Project1/BLG-Project1/BLG-Project1.srcs/sources_1/new/designs.v:346]
ERROR: [VRFC 10-2063] Module <Adder_Substractor_16bit> not found while processing module instance <load_adder> [C:/Users/mertc/Desktop/BLG222E-Project1/BLG-Project1/BLG-Project1.srcs/sources_1/new/designs.v:350]
ERROR: [VRFC 10-2063] Module <PART1_16bit> not found while processing module instance <IR_reg> [C:/Users/mertc/Desktop/BLG222E-Project1/BLG-Project1/BLG-Project1.srcs/sources_1/new/designs.v:353]
ERROR: [XSIM 43-3322] Static elaboration of top level Verilog design unit(s) in library work failed.
INFO: [USF-XSim-69] 'elaborate' step finished in '1' seconds
INFO: [USF-XSim-99] Step results log file:'C:/Users/mertc/Desktop/BLG222E-Project1/BLG-Project1/BLG-Project1.sim/sim_1/behav/xsim/elaborate.log'
ERROR: [USF-XSim-62] 'elaborate' step failed with error(s). Please check the Tcl console output or 'C:/Users/mertc/Desktop/BLG222E-Project1/BLG-Project1/BLG-Project1.sim/sim_1/behav/xsim/elaborate.log' file for more information.
ERROR: [Vivado 12-4473] Detected error while running simulation. Please correct the issue and retry this operation.
ERROR: [Common 17-39] 'launch_simulation' failed due to earlier errors.
refresh_design
---------------------------------------------------------------------------------
Starting RTL Elaboration : Time (s): cpu = 00:00:06 ; elapsed = 00:00:05 . Memory (MB): peak = 1349.879 ; gain = 0.000
---------------------------------------------------------------------------------
INFO: [Synth 8-638] synthesizing module 'PART2_c' [C:/Users/mertc/Desktop/BLG222E-Project1/BLG-Project1/BLG-Project1.srcs/sources_1/new/designs.v:324]
INFO: [Synth 8-638] synthesizing module 'MUX2_1_16bit' [C:/Users/mertc/Desktop/BLG222E-Project1/BLG-Project1/BLG-Project1.srcs/sources_1/new/designs.v:92]
INFO: [Synth 8-256] done synthesizing module 'MUX2_1_16bit' (1#1) [C:/Users/mertc/Desktop/BLG222E-Project1/BLG-Project1/BLG-Project1.srcs/sources_1/new/designs.v:92]
INFO: [Synth 8-638] synthesizing module 'AND' [C:/Users/mertc/Desktop/BLG222E-Project1/BLG-Project1/BLG-Project1.srcs/sources_1/new/designs.v:317]
INFO: [Synth 8-256] done synthesizing module 'AND' (2#1) [C:/Users/mertc/Desktop/BLG222E-Project1/BLG-Project1/BLG-Project1.srcs/sources_1/new/designs.v:317]
INFO: [Synth 8-638] synthesizing module 'Adder_Substractor_16bit' [C:/Users/mertc/Desktop/BLG222E-Project1/BLG-Project1/BLG-Project1.srcs/sources_1/new/designs.v:161]
INFO: [Synth 8-638] synthesizing module 'Adder_Substractor_8bit' [C:/Users/mertc/Desktop/BLG222E-Project1/BLG-Project1/BLG-Project1.srcs/sources_1/new/designs.v:131]
INFO: [Synth 8-638] synthesizing module 'Full_Adder_1bit' [C:/Users/mertc/Desktop/BLG222E-Project1/BLG-Project1/BLG-Project1.srcs/sources_1/new/designs.v:118]
INFO: [Synth 8-256] done synthesizing module 'Full_Adder_1bit' (3#1) [C:/Users/mertc/Desktop/BLG222E-Project1/BLG-Project1/BLG-Project1.srcs/sources_1/new/designs.v:118]
INFO: [Synth 8-256] done synthesizing module 'Adder_Substractor_8bit' (4#1) [C:/Users/mertc/Desktop/BLG222E-Project1/BLG-Project1/BLG-Project1.srcs/sources_1/new/designs.v:131]
INFO: [Synth 8-256] done synthesizing module 'Adder_Substractor_16bit' (5#1) [C:/Users/mertc/Desktop/BLG222E-Project1/BLG-Project1/BLG-Project1.srcs/sources_1/new/designs.v:161]
INFO: [Synth 8-638] synthesizing module 'PART1_16bit' [C:/Users/mertc/Desktop/BLG222E-Project1/BLG-Project1/BLG-Project1.srcs/sources_1/new/designs.v:216]
INFO: [Synth 8-638] synthesizing module 'D_Flip_Flop' [C:/Users/mertc/Desktop/BLG222E-Project1/BLG-Project1/BLG-Project1.srcs/sources_1/new/designs.v:39]
INFO: [Synth 8-638] synthesizing module 'D_Latch' [C:/Users/mertc/Desktop/BLG222E-Project1/BLG-Project1/BLG-Project1.srcs/sources_1/new/designs.v:23]
INFO: [Synth 8-256] done synthesizing module 'D_Latch' (6#1) [C:/Users/mertc/Desktop/BLG222E-Project1/BLG-Project1/BLG-Project1.srcs/sources_1/new/designs.v:23]
INFO: [Synth 8-256] done synthesizing module 'D_Flip_Flop' (7#1) [C:/Users/mertc/Desktop/BLG222E-Project1/BLG-Project1/BLG-Project1.srcs/sources_1/new/designs.v:39]
INFO: [Synth 8-256] done synthesizing module 'PART1_16bit' (8#1) [C:/Users/mertc/Desktop/BLG222E-Project1/BLG-Project1/BLG-Project1.srcs/sources_1/new/designs.v:216]
INFO: [Synth 8-256] done synthesizing module 'PART2_c' (9#1) [C:/Users/mertc/Desktop/BLG222E-Project1/BLG-Project1/BLG-Project1.srcs/sources_1/new/designs.v:324]
---------------------------------------------------------------------------------
Finished RTL Elaboration : Time (s): cpu = 00:00:06 ; elapsed = 00:00:06 . Memory (MB): peak = 1379.121 ; gain = 29.242
---------------------------------------------------------------------------------

Report Check Netlist: 
+------+------------------+-------+---------+-------+------------------+
|      |Item              |Errors |Warnings |Status |Description       |
+------+------------------+-------+---------+-------+------------------+
|1     |multi_driven_nets |      0|        0|Passed |Multi driven nets |
+------+------------------+-------+---------+-------+------------------+
WARNING: [Synth 8-3295] tying undriven pin add_mux:S0[7] to constant 0 [C:/Users/mertc/Desktop/BLG222E-Project1/BLG-Project1/BLG-Project1.srcs/sources_1/new/designs.v:341]
WARNING: [Synth 8-3295] tying undriven pin add_mux:S0[6] to constant 0 [C:/Users/mertc/Desktop/BLG222E-Project1/BLG-Project1/BLG-Project1.srcs/sources_1/new/designs.v:341]
WARNING: [Synth 8-3295] tying undriven pin add_mux:S0[5] to constant 0 [C:/Users/mertc/Desktop/BLG222E-Project1/BLG-Project1/BLG-Project1.srcs/sources_1/new/designs.v:341]
WARNING: [Synth 8-3295] tying undriven pin add_mux:S0[4] to constant 0 [C:/Users/mertc/Desktop/BLG222E-Project1/BLG-Project1/BLG-Project1.srcs/sources_1/new/designs.v:341]
WARNING: [Synth 8-3295] tying undriven pin add_mux:S0[3] to constant 0 [C:/Users/mertc/Desktop/BLG222E-Project1/BLG-Project1/BLG-Project1.srcs/sources_1/new/designs.v:341]
WARNING: [Synth 8-3295] tying undriven pin add_mux:S0[2] to constant 0 [C:/Users/mertc/Desktop/BLG222E-Project1/BLG-Project1/BLG-Project1.srcs/sources_1/new/designs.v:341]
WARNING: [Synth 8-3295] tying undriven pin add_mux:S0[1] to constant 0 [C:/Users/mertc/Desktop/BLG222E-Project1/BLG-Project1/BLG-Project1.srcs/sources_1/new/designs.v:341]
WARNING: [Synth 8-3295] tying undriven pin add_mux:S0[0] to constant 0 [C:/Users/mertc/Desktop/BLG222E-Project1/BLG-Project1/BLG-Project1.srcs/sources_1/new/designs.v:341]
WARNING: [Synth 8-3295] tying undriven pin add_mux:S1[15] to constant 0 [C:/Users/mertc/Desktop/BLG222E-Project1/BLG-Project1/BLG-Project1.srcs/sources_1/new/designs.v:341]
WARNING: [Synth 8-3295] tying undriven pin add_mux:S1[14] to constant 0 [C:/Users/mertc/Desktop/BLG222E-Project1/BLG-Project1/BLG-Project1.srcs/sources_1/new/designs.v:341]
WARNING: [Synth 8-3295] tying undriven pin add_mux:S1[13] to constant 0 [C:/Users/mertc/Desktop/BLG222E-Project1/BLG-Project1/BLG-Project1.srcs/sources_1/new/designs.v:341]
WARNING: [Synth 8-3295] tying undriven pin add_mux:S1[12] to constant 0 [C:/Users/mertc/Desktop/BLG222E-Project1/BLG-Project1/BLG-Project1.srcs/sources_1/new/designs.v:341]
WARNING: [Synth 8-3295] tying undriven pin add_mux:S1[11] to constant 0 [C:/Users/mertc/Desktop/BLG222E-Project1/BLG-Project1/BLG-Project1.srcs/sources_1/new/designs.v:341]
WARNING: [Synth 8-3295] tying undriven pin add_mux:S1[10] to constant 0 [C:/Users/mertc/Desktop/BLG222E-Project1/BLG-Project1/BLG-Project1.srcs/sources_1/new/designs.v:341]
WARNING: [Synth 8-3295] tying undriven pin add_mux:S1[9] to constant 0 [C:/Users/mertc/Desktop/BLG222E-Project1/BLG-Project1/BLG-Project1.srcs/sources_1/new/designs.v:341]
WARNING: [Synth 8-3295] tying undriven pin add_mux:S1[8] to constant 0 [C:/Users/mertc/Desktop/BLG222E-Project1/BLG-Project1/BLG-Project1.srcs/sources_1/new/designs.v:341]
---------------------------------------------------------------------------------
Finished RTL Optimization Phase 1 : Time (s): cpu = 00:00:06 ; elapsed = 00:00:06 . Memory (MB): peak = 1379.121 ; gain = 29.242
---------------------------------------------------------------------------------
INFO: [Project 1-570] Preparing netlist for logic optimization

Processing XDC Constraints
Initializing timing engine
Completed Processing XDC Constraints

INFO: [Opt 31-138] Pushed 0 inverter(s) to 0 load pin(s).
refresh_design: Time (s): cpu = 00:00:12 ; elapsed = 00:00:10 . Memory (MB): peak = 1390.348 ; gain = 40.469
launch_simulation
INFO: [Vivado 12-5682] Launching behavioral simulation in 'C:/Users/mertc/Desktop/BLG222E-Project1/BLG-Project1/BLG-Project1.sim/sim_1/behav/xsim'
INFO: [SIM-utils-51] Simulation object is 'sim_1'
INFO: [SIM-utils-54] Inspecting design source files for 'PART2_c_test' in fileset 'sim_1'...
INFO: [USF-XSim-97] Finding global include files...
INFO: [USF-XSim-98] Fetching design files from 'sim_1'...
INFO: [USF-XSim-2] XSim::Compile design
INFO: [USF-XSim-61] Executing 'COMPILE and ANALYZE' step in 'C:/Users/mertc/Desktop/BLG222E-Project1/BLG-Project1/BLG-Project1.sim/sim_1/behav/xsim'
"xvlog --incr --relax -prj PART2_c_test_vlog.prj"
INFO: [VRFC 10-2263] Analyzing Verilog file "C:/Users/mertc/Desktop/BLG222E-Project1/BLG-Project1/BLG-Project1.srcs/sources_1/new/designs.v" into library xil_defaultlib
INFO: [VRFC 10-311] analyzing module D_Latch
INFO: [VRFC 10-311] analyzing module D_Flip_Flop
INFO: [VRFC 10-311] analyzing module MUX2_1_8bit
INFO: [VRFC 10-311] analyzing module MUX4_1_8bit
INFO: [VRFC 10-311] analyzing module MUX2_1_16bit
INFO: [VRFC 10-311] analyzing module Full_Adder_1bit
INFO: [VRFC 10-311] analyzing module Adder_Substractor_8bit
INFO: [VRFC 10-311] analyzing module Adder_Substractor_16bit
INFO: [VRFC 10-311] analyzing module PART1_8bit
INFO: [VRFC 10-311] analyzing module PART1_16bit
INFO: [VRFC 10-311] analyzing module PART2_a
INFO: [VRFC 10-311] analyzing module PART2_b
INFO: [VRFC 10-311] analyzing module AND
INFO: [VRFC 10-311] analyzing module PART2_c
INFO: [VRFC 10-2263] Analyzing Verilog file "C:/Users/mertc/Desktop/BLG222E-Project1/BLG-Project1/BLG-Project1.srcs/sim_1/new/simulations.v" into library xil_defaultlib
INFO: [VRFC 10-311] analyzing module part1_8bit_test
INFO: [VRFC 10-311] analyzing module part1_16bit_test
INFO: [VRFC 10-311] analyzing module PART2_c_test
INFO: [USF-XSim-69] 'compile' step finished in '1' seconds
INFO: [USF-XSim-3] XSim::Elaborate design
INFO: [USF-XSim-61] Executing 'ELABORATE' step in 'C:/Users/mertc/Desktop/BLG222E-Project1/BLG-Project1/BLG-Project1.sim/sim_1/behav/xsim'
Vivado Simulator 2017.4
Copyright 1986-1999, 2001-2016 Xilinx, Inc. All Rights Reserved.
Running: D:/Vivado/2017.4/bin/unwrapped/win64.o/xelab.exe -wto f97be7fe3a3244819be057ad0ade57cb --incr --debug typical --relax --mt 2 -L xil_defaultlib -L unisims_ver -L unimacro_ver -L secureip --snapshot PART2_c_test_behav xil_defaultlib.PART2_c_test xil_defaultlib.glbl -log elaborate.log 
Using 2 slave threads.
Starting static elaboration
WARNING: [VRFC 10-278] actual bit length 32 differs from formal bit length 1 for port Cin [C:/Users/mertc/Desktop/BLG222E-Project1/BLG-Project1/BLG-Project1.srcs/sources_1/new/designs.v:350]
Completed static elaboration
Starting simulation data flow analysis
Completed simulation data flow analysis
Time Resolution for simulation is 1ps
Compiling module xil_defaultlib.MUX2_1_16bit
Compiling module xil_defaultlib.AND
Compiling module xil_defaultlib.Full_Adder_1bit
Compiling module xil_defaultlib.Adder_Substractor_8bit
Compiling module xil_defaultlib.Adder_Substractor_16bit
Compiling module xil_defaultlib.D_Latch
Compiling module xil_defaultlib.D_Flip_Flop
Compiling module xil_defaultlib.PART1_16bit
Compiling module xil_defaultlib.PART2_c
Compiling module xil_defaultlib.PART2_c_test
Compiling module xil_defaultlib.glbl
Built simulation snapshot PART2_c_test_behav
INFO: [USF-XSim-69] 'elaborate' step finished in '2' seconds
INFO: [USF-XSim-4] XSim::Simulate design
INFO: [USF-XSim-61] Executing 'SIMULATE' step in 'C:/Users/mertc/Desktop/BLG222E-Project1/BLG-Project1/BLG-Project1.sim/sim_1/behav/xsim'
INFO: [USF-XSim-98] *** Running xsim
   with args "PART2_c_test_behav -key {Behavioral:sim_1:Functional:PART2_c_test} -tclbatch {PART2_c_test.tcl} -log {simulate.log}"
INFO: [USF-XSim-8] Loading simulator feature
Vivado Simulator 2017.4
Time resolution is 1 ps
source PART2_c_test.tcl
# set curr_wave [current_wave_config]
# if { [string length $curr_wave] == 0 } {
#   if { [llength [get_objects]] > 0} {
#     add_wave /
#     set_property needs_save false [current_wave_config]
#   } else {
#      send_msg_id Add_Wave-1 WARNING "No top level signals found. Simulator will start without a wave window. If you want to open a wave window go to 'File->New Waveform Configuration' or type 'create_wave_config' in the TCL console."
#   }
# }
# run 1000ns
INFO: [USF-XSim-96] XSim completed. Design snapshot 'PART2_c_test_behav' loaded.
INFO: [USF-XSim-97] XSim simulation ran for 1000ns
restart
INFO: [Simtcl 6-17] Simulation restarted
run 5 ns
run 5 ns
run 5 ns
run 5 ns
close_sim
INFO: [Simtcl 6-16] Simulation closed
launch_simulation
INFO: [Vivado 12-5682] Launching behavioral simulation in 'C:/Users/mertc/Desktop/BLG222E-Project1/BLG-Project1/BLG-Project1.sim/sim_1/behav/xsim'
INFO: [SIM-utils-51] Simulation object is 'sim_1'
INFO: [SIM-utils-54] Inspecting design source files for 'PART2_c_test' in fileset 'sim_1'...
INFO: [USF-XSim-97] Finding global include files...
INFO: [USF-XSim-98] Fetching design files from 'sim_1'...
INFO: [USF-XSim-2] XSim::Compile design
INFO: [USF-XSim-61] Executing 'COMPILE and ANALYZE' step in 'C:/Users/mertc/Desktop/BLG222E-Project1/BLG-Project1/BLG-Project1.sim/sim_1/behav/xsim'
"xvlog --incr --relax -prj PART2_c_test_vlog.prj"
INFO: [VRFC 10-2263] Analyzing Verilog file "C:/Users/mertc/Desktop/BLG222E-Project1/BLG-Project1/BLG-Project1.srcs/sources_1/new/designs.v" into library xil_defaultlib
INFO: [VRFC 10-311] analyzing module D_Latch
INFO: [VRFC 10-311] analyzing module D_Flip_Flop
INFO: [VRFC 10-311] analyzing module MUX2_1_8bit
INFO: [VRFC 10-311] analyzing module MUX4_1_8bit
INFO: [VRFC 10-311] analyzing module MUX2_1_16bit
INFO: [VRFC 10-311] analyzing module Full_Adder_1bit
INFO: [VRFC 10-311] analyzing module Adder_Substractor_8bit
INFO: [VRFC 10-311] analyzing module Adder_Substractor_16bit
INFO: [VRFC 10-311] analyzing module PART1_8bit
INFO: [VRFC 10-311] analyzing module PART1_16bit
INFO: [VRFC 10-311] analyzing module PART2_a
INFO: [VRFC 10-311] analyzing module PART2_b
INFO: [VRFC 10-311] analyzing module AND
INFO: [VRFC 10-311] analyzing module PART2_c
INFO: [VRFC 10-2263] Analyzing Verilog file "C:/Users/mertc/Desktop/BLG222E-Project1/BLG-Project1/BLG-Project1.srcs/sim_1/new/simulations.v" into library xil_defaultlib
INFO: [VRFC 10-311] analyzing module part1_8bit_test
INFO: [VRFC 10-311] analyzing module part1_16bit_test
INFO: [VRFC 10-311] analyzing module PART2_c_test
INFO: [USF-XSim-69] 'compile' step finished in '1' seconds
INFO: [USF-XSim-3] XSim::Elaborate design
INFO: [USF-XSim-61] Executing 'ELABORATE' step in 'C:/Users/mertc/Desktop/BLG222E-Project1/BLG-Project1/BLG-Project1.sim/sim_1/behav/xsim'
Vivado Simulator 2017.4
Copyright 1986-1999, 2001-2016 Xilinx, Inc. All Rights Reserved.
Running: D:/Vivado/2017.4/bin/unwrapped/win64.o/xelab.exe -wto f97be7fe3a3244819be057ad0ade57cb --incr --debug typical --relax --mt 2 -L xil_defaultlib -L unisims_ver -L unimacro_ver -L secureip --snapshot PART2_c_test_behav xil_defaultlib.PART2_c_test xil_defaultlib.glbl -log elaborate.log 
Using 2 slave threads.
Starting static elaboration
Completed static elaboration
Starting simulation data flow analysis
Completed simulation data flow analysis
Time Resolution for simulation is 1ps
Compiling module xil_defaultlib.MUX2_1_16bit
Compiling module xil_defaultlib.AND
Compiling module xil_defaultlib.Full_Adder_1bit
Compiling module xil_defaultlib.Adder_Substractor_8bit
Compiling module xil_defaultlib.Adder_Substractor_16bit
Compiling module xil_defaultlib.D_Latch
Compiling module xil_defaultlib.D_Flip_Flop
Compiling module xil_defaultlib.PART1_16bit
Compiling module xil_defaultlib.PART2_c
Compiling module xil_defaultlib.PART2_c_test
Compiling module xil_defaultlib.glbl
Built simulation snapshot PART2_c_test_behav
INFO: [USF-XSim-69] 'elaborate' step finished in '2' seconds
INFO: [USF-XSim-4] XSim::Simulate design
INFO: [USF-XSim-61] Executing 'SIMULATE' step in 'C:/Users/mertc/Desktop/BLG222E-Project1/BLG-Project1/BLG-Project1.sim/sim_1/behav/xsim'
INFO: [USF-XSim-98] *** Running xsim
   with args "PART2_c_test_behav -key {Behavioral:sim_1:Functional:PART2_c_test} -tclbatch {PART2_c_test.tcl} -log {simulate.log}"
INFO: [USF-XSim-8] Loading simulator feature
Vivado Simulator 2017.4
Time resolution is 1 ps
source PART2_c_test.tcl
# set curr_wave [current_wave_config]
# if { [string length $curr_wave] == 0 } {
#   if { [llength [get_objects]] > 0} {
#     add_wave /
#     set_property needs_save false [current_wave_config]
#   } else {
#      send_msg_id Add_Wave-1 WARNING "No top level signals found. Simulator will start without a wave window. If you want to open a wave window go to 'File->New Waveform Configuration' or type 'create_wave_config' in the TCL console."
#   }
# }
# run 1000ns
INFO: [USF-XSim-96] XSim completed. Design snapshot 'PART2_c_test_behav' loaded.
INFO: [USF-XSim-97] XSim simulation ran for 1000ns
restart
INFO: [Simtcl 6-17] Simulation restarted
run 5 ns
run 5 ns
close_sim
INFO: [Simtcl 6-16] Simulation closed
launch_simulation
INFO: [Vivado 12-5682] Launching behavioral simulation in 'C:/Users/mertc/Desktop/BLG222E-Project1/BLG-Project1/BLG-Project1.sim/sim_1/behav/xsim'
INFO: [SIM-utils-51] Simulation object is 'sim_1'
INFO: [SIM-utils-54] Inspecting design source files for 'PART2_c_test' in fileset 'sim_1'...
INFO: [USF-XSim-97] Finding global include files...
INFO: [USF-XSim-98] Fetching design files from 'sim_1'...
INFO: [USF-XSim-2] XSim::Compile design
INFO: [USF-XSim-61] Executing 'COMPILE and ANALYZE' step in 'C:/Users/mertc/Desktop/BLG222E-Project1/BLG-Project1/BLG-Project1.sim/sim_1/behav/xsim'
"xvlog --incr --relax -prj PART2_c_test_vlog.prj"
INFO: [VRFC 10-2263] Analyzing Verilog file "C:/Users/mertc/Desktop/BLG222E-Project1/BLG-Project1/BLG-Project1.srcs/sources_1/new/designs.v" into library xil_defaultlib
INFO: [VRFC 10-311] analyzing module D_Latch
INFO: [VRFC 10-311] analyzing module D_Flip_Flop
INFO: [VRFC 10-311] analyzing module MUX2_1_8bit
INFO: [VRFC 10-311] analyzing module MUX4_1_8bit
INFO: [VRFC 10-311] analyzing module MUX2_1_16bit
INFO: [VRFC 10-311] analyzing module Full_Adder_1bit
INFO: [VRFC 10-311] analyzing module Adder_Substractor_8bit
INFO: [VRFC 10-311] analyzing module Adder_Substractor_16bit
INFO: [VRFC 10-311] analyzing module PART1_8bit
INFO: [VRFC 10-311] analyzing module PART1_16bit
INFO: [VRFC 10-311] analyzing module PART2_a
INFO: [VRFC 10-311] analyzing module PART2_b
INFO: [VRFC 10-311] analyzing module AND
INFO: [VRFC 10-311] analyzing module PART2_c
INFO: [VRFC 10-2263] Analyzing Verilog file "C:/Users/mertc/Desktop/BLG222E-Project1/BLG-Project1/BLG-Project1.srcs/sim_1/new/simulations.v" into library xil_defaultlib
INFO: [VRFC 10-311] analyzing module part1_8bit_test
INFO: [VRFC 10-311] analyzing module part1_16bit_test
INFO: [VRFC 10-311] analyzing module PART2_c_test
INFO: [USF-XSim-69] 'compile' step finished in '1' seconds
INFO: [USF-XSim-3] XSim::Elaborate design
INFO: [USF-XSim-61] Executing 'ELABORATE' step in 'C:/Users/mertc/Desktop/BLG222E-Project1/BLG-Project1/BLG-Project1.sim/sim_1/behav/xsim'
Vivado Simulator 2017.4
Copyright 1986-1999, 2001-2016 Xilinx, Inc. All Rights Reserved.
Running: D:/Vivado/2017.4/bin/unwrapped/win64.o/xelab.exe -wto f97be7fe3a3244819be057ad0ade57cb --incr --debug typical --relax --mt 2 -L xil_defaultlib -L unisims_ver -L unimacro_ver -L secureip --snapshot PART2_c_test_behav xil_defaultlib.PART2_c_test xil_defaultlib.glbl -log elaborate.log 
Using 2 slave threads.
Starting static elaboration
Completed static elaboration
Starting simulation data flow analysis
Completed simulation data flow analysis
Time Resolution for simulation is 1ps
Compiling module xil_defaultlib.MUX2_1_16bit
Compiling module xil_defaultlib.AND
Compiling module xil_defaultlib.Full_Adder_1bit
Compiling module xil_defaultlib.Adder_Substractor_8bit
Compiling module xil_defaultlib.Adder_Substractor_16bit
Compiling module xil_defaultlib.D_Latch
Compiling module xil_defaultlib.D_Flip_Flop
Compiling module xil_defaultlib.PART1_16bit
Compiling module xil_defaultlib.PART2_c
Compiling module xil_defaultlib.PART2_c_test
Compiling module xil_defaultlib.glbl
Built simulation snapshot PART2_c_test_behav
INFO: [USF-XSim-69] 'elaborate' step finished in '2' seconds
INFO: [USF-XSim-4] XSim::Simulate design
INFO: [USF-XSim-61] Executing 'SIMULATE' step in 'C:/Users/mertc/Desktop/BLG222E-Project1/BLG-Project1/BLG-Project1.sim/sim_1/behav/xsim'
INFO: [USF-XSim-98] *** Running xsim
   with args "PART2_c_test_behav -key {Behavioral:sim_1:Functional:PART2_c_test} -tclbatch {PART2_c_test.tcl} -log {simulate.log}"
INFO: [USF-XSim-8] Loading simulator feature
Vivado Simulator 2017.4
Time resolution is 1 ps
source PART2_c_test.tcl
# set curr_wave [current_wave_config]
# if { [string length $curr_wave] == 0 } {
#   if { [llength [get_objects]] > 0} {
#     add_wave /
#     set_property needs_save false [current_wave_config]
#   } else {
#      send_msg_id Add_Wave-1 WARNING "No top level signals found. Simulator will start without a wave window. If you want to open a wave window go to 'File->New Waveform Configuration' or type 'create_wave_config' in the TCL console."
#   }
# }
# run 1000ns
INFO: [USF-XSim-96] XSim completed. Design snapshot 'PART2_c_test_behav' loaded.
INFO: [USF-XSim-97] XSim simulation ran for 1000ns
restart
INFO: [Simtcl 6-17] Simulation restarted
run 5 ns
run 5 ns
run 5 ns
close_sim
INFO: [Simtcl 6-16] Simulation closed
launch_simulation
INFO: [Vivado 12-5682] Launching behavioral simulation in 'C:/Users/mertc/Desktop/BLG222E-Project1/BLG-Project1/BLG-Project1.sim/sim_1/behav/xsim'
INFO: [SIM-utils-51] Simulation object is 'sim_1'
INFO: [SIM-utils-54] Inspecting design source files for 'PART2_c_test' in fileset 'sim_1'...
INFO: [USF-XSim-97] Finding global include files...
INFO: [USF-XSim-98] Fetching design files from 'sim_1'...
INFO: [USF-XSim-2] XSim::Compile design
INFO: [USF-XSim-61] Executing 'COMPILE and ANALYZE' step in 'C:/Users/mertc/Desktop/BLG222E-Project1/BLG-Project1/BLG-Project1.sim/sim_1/behav/xsim'
"xvlog --incr --relax -prj PART2_c_test_vlog.prj"
INFO: [VRFC 10-2263] Analyzing Verilog file "C:/Users/mertc/Desktop/BLG222E-Project1/BLG-Project1/BLG-Project1.srcs/sources_1/new/designs.v" into library xil_defaultlib
INFO: [VRFC 10-311] analyzing module D_Latch
INFO: [VRFC 10-311] analyzing module D_Flip_Flop
INFO: [VRFC 10-311] analyzing module MUX2_1_8bit
INFO: [VRFC 10-311] analyzing module MUX4_1_8bit
INFO: [VRFC 10-311] analyzing module MUX2_1_16bit
INFO: [VRFC 10-311] analyzing module Full_Adder_1bit
INFO: [VRFC 10-311] analyzing module Adder_Substractor_8bit
INFO: [VRFC 10-311] analyzing module Adder_Substractor_16bit
INFO: [VRFC 10-311] analyzing module PART1_8bit
INFO: [VRFC 10-311] analyzing module PART1_16bit
INFO: [VRFC 10-311] analyzing module PART2_a
INFO: [VRFC 10-311] analyzing module PART2_b
INFO: [VRFC 10-311] analyzing module AND
INFO: [VRFC 10-311] analyzing module PART2_c
INFO: [VRFC 10-2263] Analyzing Verilog file "C:/Users/mertc/Desktop/BLG222E-Project1/BLG-Project1/BLG-Project1.srcs/sim_1/new/simulations.v" into library xil_defaultlib
INFO: [VRFC 10-311] analyzing module part1_8bit_test
INFO: [VRFC 10-311] analyzing module part1_16bit_test
INFO: [VRFC 10-311] analyzing module PART2_c_test
INFO: [USF-XSim-69] 'compile' step finished in '1' seconds
INFO: [USF-XSim-3] XSim::Elaborate design
INFO: [USF-XSim-61] Executing 'ELABORATE' step in 'C:/Users/mertc/Desktop/BLG222E-Project1/BLG-Project1/BLG-Project1.sim/sim_1/behav/xsim'
Vivado Simulator 2017.4
Copyright 1986-1999, 2001-2016 Xilinx, Inc. All Rights Reserved.
Running: D:/Vivado/2017.4/bin/unwrapped/win64.o/xelab.exe -wto f97be7fe3a3244819be057ad0ade57cb --incr --debug typical --relax --mt 2 -L xil_defaultlib -L unisims_ver -L unimacro_ver -L secureip --snapshot PART2_c_test_behav xil_defaultlib.PART2_c_test xil_defaultlib.glbl -log elaborate.log 
Using 2 slave threads.
Starting static elaboration
Completed static elaboration
Starting simulation data flow analysis
Completed simulation data flow analysis
Time Resolution for simulation is 1ps
Compiling module xil_defaultlib.MUX2_1_16bit
Compiling module xil_defaultlib.AND
Compiling module xil_defaultlib.Full_Adder_1bit
Compiling module xil_defaultlib.Adder_Substractor_8bit
Compiling module xil_defaultlib.Adder_Substractor_16bit
Compiling module xil_defaultlib.D_Latch
Compiling module xil_defaultlib.D_Flip_Flop
Compiling module xil_defaultlib.PART1_16bit
Compiling module xil_defaultlib.PART2_c
Compiling module xil_defaultlib.PART2_c_test
Compiling module xil_defaultlib.glbl
Built simulation snapshot PART2_c_test_behav
INFO: [USF-XSim-69] 'elaborate' step finished in '1' seconds
INFO: [USF-XSim-4] XSim::Simulate design
INFO: [USF-XSim-61] Executing 'SIMULATE' step in 'C:/Users/mertc/Desktop/BLG222E-Project1/BLG-Project1/BLG-Project1.sim/sim_1/behav/xsim'
INFO: [USF-XSim-98] *** Running xsim
   with args "PART2_c_test_behav -key {Behavioral:sim_1:Functional:PART2_c_test} -tclbatch {PART2_c_test.tcl} -log {simulate.log}"
INFO: [USF-XSim-8] Loading simulator feature
Vivado Simulator 2017.4
Time resolution is 1 ps
source PART2_c_test.tcl
# set curr_wave [current_wave_config]
# if { [string length $curr_wave] == 0 } {
#   if { [llength [get_objects]] > 0} {
#     add_wave /
#     set_property needs_save false [current_wave_config]
#   } else {
#      send_msg_id Add_Wave-1 WARNING "No top level signals found. Simulator will start without a wave window. If you want to open a wave window go to 'File->New Waveform Configuration' or type 'create_wave_config' in the TCL console."
#   }
# }
# run 1000ns
INFO: [USF-XSim-96] XSim completed. Design snapshot 'PART2_c_test_behav' loaded.
INFO: [USF-XSim-97] XSim simulation ran for 1000ns
restart
INFO: [Simtcl 6-17] Simulation restarted
run 5 ns
restart
INFO: [Simtcl 6-17] Simulation restarted
run 5 ns
run 5 ns
close_sim
INFO: [Simtcl 6-16] Simulation closed
launch_simulation
INFO: [Vivado 12-5682] Launching behavioral simulation in 'C:/Users/mertc/Desktop/BLG222E-Project1/BLG-Project1/BLG-Project1.sim/sim_1/behav/xsim'
INFO: [SIM-utils-51] Simulation object is 'sim_1'
INFO: [SIM-utils-54] Inspecting design source files for 'PART2_c_test' in fileset 'sim_1'...
INFO: [USF-XSim-97] Finding global include files...
INFO: [USF-XSim-98] Fetching design files from 'sim_1'...
INFO: [USF-XSim-2] XSim::Compile design
INFO: [USF-XSim-61] Executing 'COMPILE and ANALYZE' step in 'C:/Users/mertc/Desktop/BLG222E-Project1/BLG-Project1/BLG-Project1.sim/sim_1/behav/xsim'
"xvlog --incr --relax -prj PART2_c_test_vlog.prj"
INFO: [VRFC 10-2263] Analyzing Verilog file "C:/Users/mertc/Desktop/BLG222E-Project1/BLG-Project1/BLG-Project1.srcs/sources_1/new/designs.v" into library xil_defaultlib
INFO: [VRFC 10-311] analyzing module D_Latch
INFO: [VRFC 10-311] analyzing module D_Flip_Flop
INFO: [VRFC 10-311] analyzing module MUX2_1_8bit
INFO: [VRFC 10-311] analyzing module MUX4_1_8bit
INFO: [VRFC 10-311] analyzing module MUX2_1_16bit
INFO: [VRFC 10-311] analyzing module Full_Adder_1bit
INFO: [VRFC 10-311] analyzing module Adder_Substractor_8bit
INFO: [VRFC 10-311] analyzing module Adder_Substractor_16bit
INFO: [VRFC 10-311] analyzing module PART1_8bit
INFO: [VRFC 10-311] analyzing module PART1_16bit
INFO: [VRFC 10-311] analyzing module PART2_a
INFO: [VRFC 10-311] analyzing module PART2_b
INFO: [VRFC 10-311] analyzing module AND
INFO: [VRFC 10-311] analyzing module PART2_c
INFO: [VRFC 10-2263] Analyzing Verilog file "C:/Users/mertc/Desktop/BLG222E-Project1/BLG-Project1/BLG-Project1.srcs/sim_1/new/simulations.v" into library xil_defaultlib
INFO: [VRFC 10-311] analyzing module part1_8bit_test
INFO: [VRFC 10-311] analyzing module part1_16bit_test
INFO: [VRFC 10-311] analyzing module PART2_c_test
INFO: [USF-XSim-69] 'compile' step finished in '1' seconds
INFO: [USF-XSim-3] XSim::Elaborate design
INFO: [USF-XSim-61] Executing 'ELABORATE' step in 'C:/Users/mertc/Desktop/BLG222E-Project1/BLG-Project1/BLG-Project1.sim/sim_1/behav/xsim'
Vivado Simulator 2017.4
Copyright 1986-1999, 2001-2016 Xilinx, Inc. All Rights Reserved.
Running: D:/Vivado/2017.4/bin/unwrapped/win64.o/xelab.exe -wto f97be7fe3a3244819be057ad0ade57cb --incr --debug typical --relax --mt 2 -L xil_defaultlib -L unisims_ver -L unimacro_ver -L secureip --snapshot PART2_c_test_behav xil_defaultlib.PART2_c_test xil_defaultlib.glbl -log elaborate.log 
Using 2 slave threads.
Starting static elaboration
Completed static elaboration
Starting simulation data flow analysis
Completed simulation data flow analysis
Time Resolution for simulation is 1ps
Compiling module xil_defaultlib.MUX2_1_16bit
Compiling module xil_defaultlib.AND
Compiling module xil_defaultlib.Full_Adder_1bit
Compiling module xil_defaultlib.Adder_Substractor_8bit
Compiling module xil_defaultlib.Adder_Substractor_16bit
Compiling module xil_defaultlib.D_Latch
Compiling module xil_defaultlib.D_Flip_Flop
Compiling module xil_defaultlib.PART1_16bit
Compiling module xil_defaultlib.PART2_c
Compiling module xil_defaultlib.PART2_c_test
Compiling module xil_defaultlib.glbl
Built simulation snapshot PART2_c_test_behav
INFO: [USF-XSim-69] 'elaborate' step finished in '2' seconds
INFO: [USF-XSim-4] XSim::Simulate design
INFO: [USF-XSim-61] Executing 'SIMULATE' step in 'C:/Users/mertc/Desktop/BLG222E-Project1/BLG-Project1/BLG-Project1.sim/sim_1/behav/xsim'
INFO: [USF-XSim-98] *** Running xsim
   with args "PART2_c_test_behav -key {Behavioral:sim_1:Functional:PART2_c_test} -tclbatch {PART2_c_test.tcl} -log {simulate.log}"
INFO: [USF-XSim-8] Loading simulator feature
Vivado Simulator 2017.4
Time resolution is 1 ps
source PART2_c_test.tcl
# set curr_wave [current_wave_config]
# if { [string length $curr_wave] == 0 } {
#   if { [llength [get_objects]] > 0} {
#     add_wave /
#     set_property needs_save false [current_wave_config]
#   } else {
#      send_msg_id Add_Wave-1 WARNING "No top level signals found. Simulator will start without a wave window. If you want to open a wave window go to 'File->New Waveform Configuration' or type 'create_wave_config' in the TCL console."
#   }
# }
# run 1000ns
INFO: [USF-XSim-96] XSim completed. Design snapshot 'PART2_c_test_behav' loaded.
INFO: [USF-XSim-97] XSim simulation ran for 1000ns
restart
INFO: [Simtcl 6-17] Simulation restarted
run 5 ns
run 5 ns
refresh_design
---------------------------------------------------------------------------------
Starting RTL Elaboration : Time (s): cpu = 00:00:05 ; elapsed = 00:00:05 . Memory (MB): peak = 1390.348 ; gain = 0.000
---------------------------------------------------------------------------------
INFO: [Synth 8-638] synthesizing module 'PART2_c' [C:/Users/mertc/Desktop/BLG222E-Project1/BLG-Project1/BLG-Project1.srcs/sources_1/new/designs.v:326]
INFO: [Synth 8-638] synthesizing module 'MUX2_1_16bit' [C:/Users/mertc/Desktop/BLG222E-Project1/BLG-Project1/BLG-Project1.srcs/sources_1/new/designs.v:92]
INFO: [Synth 8-256] done synthesizing module 'MUX2_1_16bit' (1#1) [C:/Users/mertc/Desktop/BLG222E-Project1/BLG-Project1/BLG-Project1.srcs/sources_1/new/designs.v:92]
INFO: [Synth 8-638] synthesizing module 'AND' [C:/Users/mertc/Desktop/BLG222E-Project1/BLG-Project1/BLG-Project1.srcs/sources_1/new/designs.v:319]
INFO: [Synth 8-256] done synthesizing module 'AND' (2#1) [C:/Users/mertc/Desktop/BLG222E-Project1/BLG-Project1/BLG-Project1.srcs/sources_1/new/designs.v:319]
INFO: [Synth 8-638] synthesizing module 'Adder_Substractor_16bit' [C:/Users/mertc/Desktop/BLG222E-Project1/BLG-Project1/BLG-Project1.srcs/sources_1/new/designs.v:163]
INFO: [Synth 8-638] synthesizing module 'Adder_Substractor_8bit' [C:/Users/mertc/Desktop/BLG222E-Project1/BLG-Project1/BLG-Project1.srcs/sources_1/new/designs.v:133]
INFO: [Synth 8-638] synthesizing module 'Full_Adder_1bit' [C:/Users/mertc/Desktop/BLG222E-Project1/BLG-Project1/BLG-Project1.srcs/sources_1/new/designs.v:118]
INFO: [Synth 8-256] done synthesizing module 'Full_Adder_1bit' (3#1) [C:/Users/mertc/Desktop/BLG222E-Project1/BLG-Project1/BLG-Project1.srcs/sources_1/new/designs.v:118]
INFO: [Synth 8-256] done synthesizing module 'Adder_Substractor_8bit' (4#1) [C:/Users/mertc/Desktop/BLG222E-Project1/BLG-Project1/BLG-Project1.srcs/sources_1/new/designs.v:133]
INFO: [Synth 8-256] done synthesizing module 'Adder_Substractor_16bit' (5#1) [C:/Users/mertc/Desktop/BLG222E-Project1/BLG-Project1/BLG-Project1.srcs/sources_1/new/designs.v:163]
INFO: [Synth 8-638] synthesizing module 'PART1_16bit' [C:/Users/mertc/Desktop/BLG222E-Project1/BLG-Project1/BLG-Project1.srcs/sources_1/new/designs.v:218]
INFO: [Synth 8-638] synthesizing module 'D_Flip_Flop' [C:/Users/mertc/Desktop/BLG222E-Project1/BLG-Project1/BLG-Project1.srcs/sources_1/new/designs.v:39]
INFO: [Synth 8-638] synthesizing module 'D_Latch' [C:/Users/mertc/Desktop/BLG222E-Project1/BLG-Project1/BLG-Project1.srcs/sources_1/new/designs.v:23]
INFO: [Synth 8-256] done synthesizing module 'D_Latch' (6#1) [C:/Users/mertc/Desktop/BLG222E-Project1/BLG-Project1/BLG-Project1.srcs/sources_1/new/designs.v:23]
INFO: [Synth 8-256] done synthesizing module 'D_Flip_Flop' (7#1) [C:/Users/mertc/Desktop/BLG222E-Project1/BLG-Project1/BLG-Project1.srcs/sources_1/new/designs.v:39]
INFO: [Synth 8-256] done synthesizing module 'PART1_16bit' (8#1) [C:/Users/mertc/Desktop/BLG222E-Project1/BLG-Project1/BLG-Project1.srcs/sources_1/new/designs.v:218]
INFO: [Synth 8-256] done synthesizing module 'PART2_c' (9#1) [C:/Users/mertc/Desktop/BLG222E-Project1/BLG-Project1/BLG-Project1.srcs/sources_1/new/designs.v:326]
---------------------------------------------------------------------------------
Finished RTL Elaboration : Time (s): cpu = 00:00:05 ; elapsed = 00:00:06 . Memory (MB): peak = 1412.887 ; gain = 22.539
---------------------------------------------------------------------------------

Report Check Netlist: 
+------+------------------+-------+---------+-------+------------------+
|      |Item              |Errors |Warnings |Status |Description       |
+------+------------------+-------+---------+-------+------------------+
|1     |multi_driven_nets |      0|        0|Passed |Multi driven nets |
+------+------------------+-------+---------+-------+------------------+
WARNING: [Synth 8-3295] tying undriven pin add_mux:S0[7] to constant 0 [C:/Users/mertc/Desktop/BLG222E-Project1/BLG-Project1/BLG-Project1.srcs/sources_1/new/designs.v:343]
WARNING: [Synth 8-3295] tying undriven pin add_mux:S0[6] to constant 0 [C:/Users/mertc/Desktop/BLG222E-Project1/BLG-Project1/BLG-Project1.srcs/sources_1/new/designs.v:343]
WARNING: [Synth 8-3295] tying undriven pin add_mux:S0[5] to constant 0 [C:/Users/mertc/Desktop/BLG222E-Project1/BLG-Project1/BLG-Project1.srcs/sources_1/new/designs.v:343]
WARNING: [Synth 8-3295] tying undriven pin add_mux:S0[4] to constant 0 [C:/Users/mertc/Desktop/BLG222E-Project1/BLG-Project1/BLG-Project1.srcs/sources_1/new/designs.v:343]
WARNING: [Synth 8-3295] tying undriven pin add_mux:S0[3] to constant 0 [C:/Users/mertc/Desktop/BLG222E-Project1/BLG-Project1/BLG-Project1.srcs/sources_1/new/designs.v:343]
WARNING: [Synth 8-3295] tying undriven pin add_mux:S0[2] to constant 0 [C:/Users/mertc/Desktop/BLG222E-Project1/BLG-Project1/BLG-Project1.srcs/sources_1/new/designs.v:343]
WARNING: [Synth 8-3295] tying undriven pin add_mux:S0[1] to constant 0 [C:/Users/mertc/Desktop/BLG222E-Project1/BLG-Project1/BLG-Project1.srcs/sources_1/new/designs.v:343]
WARNING: [Synth 8-3295] tying undriven pin add_mux:S0[0] to constant 0 [C:/Users/mertc/Desktop/BLG222E-Project1/BLG-Project1/BLG-Project1.srcs/sources_1/new/designs.v:343]
WARNING: [Synth 8-3295] tying undriven pin add_mux:S1[15] to constant 0 [C:/Users/mertc/Desktop/BLG222E-Project1/BLG-Project1/BLG-Project1.srcs/sources_1/new/designs.v:343]
WARNING: [Synth 8-3295] tying undriven pin add_mux:S1[14] to constant 0 [C:/Users/mertc/Desktop/BLG222E-Project1/BLG-Project1/BLG-Project1.srcs/sources_1/new/designs.v:343]
WARNING: [Synth 8-3295] tying undriven pin add_mux:S1[13] to constant 0 [C:/Users/mertc/Desktop/BLG222E-Project1/BLG-Project1/BLG-Project1.srcs/sources_1/new/designs.v:343]
WARNING: [Synth 8-3295] tying undriven pin add_mux:S1[12] to constant 0 [C:/Users/mertc/Desktop/BLG222E-Project1/BLG-Project1/BLG-Project1.srcs/sources_1/new/designs.v:343]
WARNING: [Synth 8-3295] tying undriven pin add_mux:S1[11] to constant 0 [C:/Users/mertc/Desktop/BLG222E-Project1/BLG-Project1/BLG-Project1.srcs/sources_1/new/designs.v:343]
WARNING: [Synth 8-3295] tying undriven pin add_mux:S1[10] to constant 0 [C:/Users/mertc/Desktop/BLG222E-Project1/BLG-Project1/BLG-Project1.srcs/sources_1/new/designs.v:343]
WARNING: [Synth 8-3295] tying undriven pin add_mux:S1[9] to constant 0 [C:/Users/mertc/Desktop/BLG222E-Project1/BLG-Project1/BLG-Project1.srcs/sources_1/new/designs.v:343]
WARNING: [Synth 8-3295] tying undriven pin add_mux:S1[8] to constant 0 [C:/Users/mertc/Desktop/BLG222E-Project1/BLG-Project1/BLG-Project1.srcs/sources_1/new/designs.v:343]
---------------------------------------------------------------------------------
Finished RTL Optimization Phase 1 : Time (s): cpu = 00:00:05 ; elapsed = 00:00:06 . Memory (MB): peak = 1412.887 ; gain = 22.539
---------------------------------------------------------------------------------
INFO: [Project 1-570] Preparing netlist for logic optimization

Processing XDC Constraints
Initializing timing engine
Completed Processing XDC Constraints

INFO: [Opt 31-138] Pushed 0 inverter(s) to 0 load pin(s).
refresh_design: Time (s): cpu = 00:00:10 ; elapsed = 00:00:10 . Memory (MB): peak = 1446.707 ; gain = 56.359
close_sim
INFO: [Simtcl 6-16] Simulation closed
launch_simulation
INFO: [Vivado 12-5682] Launching behavioral simulation in 'C:/Users/mertc/Desktop/BLG222E-Project1/BLG-Project1/BLG-Project1.sim/sim_1/behav/xsim'
INFO: [SIM-utils-51] Simulation object is 'sim_1'
INFO: [SIM-utils-54] Inspecting design source files for 'PART2_c_test' in fileset 'sim_1'...
INFO: [USF-XSim-97] Finding global include files...
INFO: [USF-XSim-98] Fetching design files from 'sim_1'...
INFO: [USF-XSim-2] XSim::Compile design
INFO: [USF-XSim-61] Executing 'COMPILE and ANALYZE' step in 'C:/Users/mertc/Desktop/BLG222E-Project1/BLG-Project1/BLG-Project1.sim/sim_1/behav/xsim'
"xvlog --incr --relax -prj PART2_c_test_vlog.prj"
INFO: [VRFC 10-2263] Analyzing Verilog file "C:/Users/mertc/Desktop/BLG222E-Project1/BLG-Project1/BLG-Project1.srcs/sources_1/new/designs.v" into library xil_defaultlib
INFO: [VRFC 10-311] analyzing module D_Latch
INFO: [VRFC 10-311] analyzing module D_Flip_Flop
INFO: [VRFC 10-311] analyzing module MUX2_1_8bit
INFO: [VRFC 10-311] analyzing module MUX4_1_8bit
INFO: [VRFC 10-311] analyzing module MUX2_1_16bit
INFO: [VRFC 10-311] analyzing module Full_Adder_1bit
INFO: [VRFC 10-311] analyzing module Adder_Substractor_8bit
INFO: [VRFC 10-311] analyzing module Adder_Substractor_16bit
INFO: [VRFC 10-311] analyzing module PART1_8bit
INFO: [VRFC 10-311] analyzing module PART1_16bit
INFO: [VRFC 10-311] analyzing module PART2_a
INFO: [VRFC 10-311] analyzing module PART2_b
INFO: [VRFC 10-311] analyzing module AND
INFO: [VRFC 10-311] analyzing module PART2_c
INFO: [VRFC 10-2263] Analyzing Verilog file "C:/Users/mertc/Desktop/BLG222E-Project1/BLG-Project1/BLG-Project1.srcs/sim_1/new/simulations.v" into library xil_defaultlib
INFO: [VRFC 10-311] analyzing module part1_8bit_test
INFO: [VRFC 10-311] analyzing module part1_16bit_test
INFO: [VRFC 10-311] analyzing module PART2_c_test
INFO: [USF-XSim-69] 'compile' step finished in '1' seconds
INFO: [USF-XSim-3] XSim::Elaborate design
INFO: [USF-XSim-61] Executing 'ELABORATE' step in 'C:/Users/mertc/Desktop/BLG222E-Project1/BLG-Project1/BLG-Project1.sim/sim_1/behav/xsim'
Vivado Simulator 2017.4
Copyright 1986-1999, 2001-2016 Xilinx, Inc. All Rights Reserved.
Running: D:/Vivado/2017.4/bin/unwrapped/win64.o/xelab.exe -wto f97be7fe3a3244819be057ad0ade57cb --incr --debug typical --relax --mt 2 -L xil_defaultlib -L unisims_ver -L unimacro_ver -L secureip --snapshot PART2_c_test_behav xil_defaultlib.PART2_c_test xil_defaultlib.glbl -log elaborate.log 
Using 2 slave threads.
Starting static elaboration
Completed static elaboration
Starting simulation data flow analysis
Completed simulation data flow analysis
Time Resolution for simulation is 1ps
Compiling module xil_defaultlib.MUX2_1_16bit
Compiling module xil_defaultlib.AND
Compiling module xil_defaultlib.Full_Adder_1bit
Compiling module xil_defaultlib.Adder_Substractor_8bit
Compiling module xil_defaultlib.Adder_Substractor_16bit
Compiling module xil_defaultlib.D_Latch
Compiling module xil_defaultlib.D_Flip_Flop
Compiling module xil_defaultlib.PART1_16bit
Compiling module xil_defaultlib.PART2_c
Compiling module xil_defaultlib.PART2_c_test
Compiling module xil_defaultlib.glbl
Built simulation snapshot PART2_c_test_behav
INFO: [USF-XSim-69] 'elaborate' step finished in '2' seconds
INFO: [USF-XSim-4] XSim::Simulate design
INFO: [USF-XSim-61] Executing 'SIMULATE' step in 'C:/Users/mertc/Desktop/BLG222E-Project1/BLG-Project1/BLG-Project1.sim/sim_1/behav/xsim'
INFO: [USF-XSim-98] *** Running xsim
   with args "PART2_c_test_behav -key {Behavioral:sim_1:Functional:PART2_c_test} -tclbatch {PART2_c_test.tcl} -log {simulate.log}"
INFO: [USF-XSim-8] Loading simulator feature
Vivado Simulator 2017.4
Time resolution is 1 ps
source PART2_c_test.tcl
# set curr_wave [current_wave_config]
# if { [string length $curr_wave] == 0 } {
#   if { [llength [get_objects]] > 0} {
#     add_wave /
#     set_property needs_save false [current_wave_config]
#   } else {
#      send_msg_id Add_Wave-1 WARNING "No top level signals found. Simulator will start without a wave window. If you want to open a wave window go to 'File->New Waveform Configuration' or type 'create_wave_config' in the TCL console."
#   }
# }
# run 1000ns
INFO: [USF-XSim-96] XSim completed. Design snapshot 'PART2_c_test_behav' loaded.
INFO: [USF-XSim-97] XSim simulation ran for 1000ns
restart
INFO: [Simtcl 6-17] Simulation restarted
run 5 ns
run 5 ns
run 5 ns
run 5 ns
run 5 ns
restart
INFO: [Simtcl 6-17] Simulation restarted
run 5 ns
run 5 ns
run 5 ns
run 5 ns
run 5 ns
run 5 ns
restart
INFO: [Simtcl 6-17] Simulation restarted
run 5 ns
run 5 ns
run 5 ns
run 5 ns
run 5 ns
run 5 ns
restart
INFO: [Simtcl 6-17] Simulation restarted
run 5 ns
run 5 ns
run 5 ns
run 5 ns
run 5 ns
close_sim
INFO: [Simtcl 6-16] Simulation closed
launch_simulation
INFO: [Vivado 12-5682] Launching behavioral simulation in 'C:/Users/mertc/Desktop/BLG222E-Project1/BLG-Project1/BLG-Project1.sim/sim_1/behav/xsim'
INFO: [SIM-utils-51] Simulation object is 'sim_1'
INFO: [SIM-utils-54] Inspecting design source files for 'PART2_c_test' in fileset 'sim_1'...
INFO: [USF-XSim-97] Finding global include files...
INFO: [USF-XSim-98] Fetching design files from 'sim_1'...
INFO: [USF-XSim-2] XSim::Compile design
INFO: [USF-XSim-61] Executing 'COMPILE and ANALYZE' step in 'C:/Users/mertc/Desktop/BLG222E-Project1/BLG-Project1/BLG-Project1.sim/sim_1/behav/xsim'
"xvlog --incr --relax -prj PART2_c_test_vlog.prj"
INFO: [VRFC 10-2263] Analyzing Verilog file "C:/Users/mertc/Desktop/BLG222E-Project1/BLG-Project1/BLG-Project1.srcs/sources_1/new/designs.v" into library xil_defaultlib
INFO: [VRFC 10-311] analyzing module D_Latch
INFO: [VRFC 10-311] analyzing module D_Flip_Flop
INFO: [VRFC 10-311] analyzing module MUX2_1_8bit
INFO: [VRFC 10-311] analyzing module MUX4_1_8bit
INFO: [VRFC 10-311] analyzing module MUX2_1_16bit
INFO: [VRFC 10-311] analyzing module Full_Adder_1bit
INFO: [VRFC 10-311] analyzing module Adder_Substractor_8bit
INFO: [VRFC 10-311] analyzing module Adder_Substractor_16bit
INFO: [VRFC 10-311] analyzing module PART1_8bit
INFO: [VRFC 10-311] analyzing module PART1_16bit
INFO: [VRFC 10-311] analyzing module PART2_a
INFO: [VRFC 10-311] analyzing module PART2_b
INFO: [VRFC 10-311] analyzing module AND
INFO: [VRFC 10-311] analyzing module PART2_c
INFO: [VRFC 10-2263] Analyzing Verilog file "C:/Users/mertc/Desktop/BLG222E-Project1/BLG-Project1/BLG-Project1.srcs/sim_1/new/simulations.v" into library xil_defaultlib
INFO: [VRFC 10-311] analyzing module part1_8bit_test
INFO: [VRFC 10-311] analyzing module part1_16bit_test
INFO: [VRFC 10-311] analyzing module PART2_c_test
INFO: [USF-XSim-69] 'compile' step finished in '1' seconds
INFO: [USF-XSim-3] XSim::Elaborate design
INFO: [USF-XSim-61] Executing 'ELABORATE' step in 'C:/Users/mertc/Desktop/BLG222E-Project1/BLG-Project1/BLG-Project1.sim/sim_1/behav/xsim'
Vivado Simulator 2017.4
Copyright 1986-1999, 2001-2016 Xilinx, Inc. All Rights Reserved.
Running: D:/Vivado/2017.4/bin/unwrapped/win64.o/xelab.exe -wto f97be7fe3a3244819be057ad0ade57cb --incr --debug typical --relax --mt 2 -L xil_defaultlib -L unisims_ver -L unimacro_ver -L secureip --snapshot PART2_c_test_behav xil_defaultlib.PART2_c_test xil_defaultlib.glbl -log elaborate.log 
Using 2 slave threads.
Starting static elaboration
Completed static elaboration
Starting simulation data flow analysis
Completed simulation data flow analysis
Time Resolution for simulation is 1ps
Compiling module xil_defaultlib.MUX2_1_16bit
Compiling module xil_defaultlib.AND
Compiling module xil_defaultlib.Full_Adder_1bit
Compiling module xil_defaultlib.Adder_Substractor_8bit
Compiling module xil_defaultlib.Adder_Substractor_16bit
Compiling module xil_defaultlib.D_Latch
Compiling module xil_defaultlib.D_Flip_Flop
Compiling module xil_defaultlib.PART1_16bit
Compiling module xil_defaultlib.PART2_c
Compiling module xil_defaultlib.PART2_c_test
Compiling module xil_defaultlib.glbl
Built simulation snapshot PART2_c_test_behav
INFO: [USF-XSim-69] 'elaborate' step finished in '1' seconds
INFO: [USF-XSim-4] XSim::Simulate design
INFO: [USF-XSim-61] Executing 'SIMULATE' step in 'C:/Users/mertc/Desktop/BLG222E-Project1/BLG-Project1/BLG-Project1.sim/sim_1/behav/xsim'
INFO: [USF-XSim-98] *** Running xsim
   with args "PART2_c_test_behav -key {Behavioral:sim_1:Functional:PART2_c_test} -tclbatch {PART2_c_test.tcl} -log {simulate.log}"
INFO: [USF-XSim-8] Loading simulator feature
Vivado Simulator 2017.4
Time resolution is 1 ps
source PART2_c_test.tcl
# set curr_wave [current_wave_config]
# if { [string length $curr_wave] == 0 } {
#   if { [llength [get_objects]] > 0} {
#     add_wave /
#     set_property needs_save false [current_wave_config]
#   } else {
#      send_msg_id Add_Wave-1 WARNING "No top level signals found. Simulator will start without a wave window. If you want to open a wave window go to 'File->New Waveform Configuration' or type 'create_wave_config' in the TCL console."
#   }
# }
# run 1000ns
INFO: [USF-XSim-96] XSim completed. Design snapshot 'PART2_c_test_behav' loaded.
INFO: [USF-XSim-97] XSim simulation ran for 1000ns
restart
INFO: [Simtcl 6-17] Simulation restarted
run 5 ns
run 5 ns
run 5 ns
run 5 ns
run 5 ns
close_sim
INFO: [Simtcl 6-16] Simulation closed
launch_simulation
INFO: [Vivado 12-5682] Launching behavioral simulation in 'C:/Users/mertc/Desktop/BLG222E-Project1/BLG-Project1/BLG-Project1.sim/sim_1/behav/xsim'
INFO: [SIM-utils-51] Simulation object is 'sim_1'
INFO: [SIM-utils-54] Inspecting design source files for 'PART2_c_test' in fileset 'sim_1'...
INFO: [USF-XSim-97] Finding global include files...
INFO: [USF-XSim-98] Fetching design files from 'sim_1'...
INFO: [USF-XSim-2] XSim::Compile design
INFO: [USF-XSim-61] Executing 'COMPILE and ANALYZE' step in 'C:/Users/mertc/Desktop/BLG222E-Project1/BLG-Project1/BLG-Project1.sim/sim_1/behav/xsim'
"xvlog --incr --relax -prj PART2_c_test_vlog.prj"
INFO: [VRFC 10-2263] Analyzing Verilog file "C:/Users/mertc/Desktop/BLG222E-Project1/BLG-Project1/BLG-Project1.srcs/sources_1/new/designs.v" into library xil_defaultlib
INFO: [VRFC 10-311] analyzing module D_Latch
INFO: [VRFC 10-311] analyzing module D_Flip_Flop
INFO: [VRFC 10-311] analyzing module MUX2_1_8bit
INFO: [VRFC 10-311] analyzing module MUX4_1_8bit
INFO: [VRFC 10-311] analyzing module MUX2_1_16bit
INFO: [VRFC 10-311] analyzing module Full_Adder_1bit
INFO: [VRFC 10-311] analyzing module Adder_Substractor_8bit
INFO: [VRFC 10-311] analyzing module Adder_Substractor_16bit
INFO: [VRFC 10-311] analyzing module PART1_8bit
INFO: [VRFC 10-311] analyzing module PART1_16bit
INFO: [VRFC 10-311] analyzing module PART2_a
INFO: [VRFC 10-311] analyzing module PART2_b
INFO: [VRFC 10-311] analyzing module AND
INFO: [VRFC 10-311] analyzing module PART2_c
INFO: [VRFC 10-2263] Analyzing Verilog file "C:/Users/mertc/Desktop/BLG222E-Project1/BLG-Project1/BLG-Project1.srcs/sim_1/new/simulations.v" into library xil_defaultlib
INFO: [VRFC 10-311] analyzing module part1_8bit_test
INFO: [VRFC 10-311] analyzing module part1_16bit_test
INFO: [VRFC 10-311] analyzing module PART2_c_test
INFO: [USF-XSim-69] 'compile' step finished in '1' seconds
INFO: [USF-XSim-3] XSim::Elaborate design
INFO: [USF-XSim-61] Executing 'ELABORATE' step in 'C:/Users/mertc/Desktop/BLG222E-Project1/BLG-Project1/BLG-Project1.sim/sim_1/behav/xsim'
Vivado Simulator 2017.4
Copyright 1986-1999, 2001-2016 Xilinx, Inc. All Rights Reserved.
Running: D:/Vivado/2017.4/bin/unwrapped/win64.o/xelab.exe -wto f97be7fe3a3244819be057ad0ade57cb --incr --debug typical --relax --mt 2 -L xil_defaultlib -L unisims_ver -L unimacro_ver -L secureip --snapshot PART2_c_test_behav xil_defaultlib.PART2_c_test xil_defaultlib.glbl -log elaborate.log 
Using 2 slave threads.
Starting static elaboration
Completed static elaboration
Starting simulation data flow analysis
Completed simulation data flow analysis
Time Resolution for simulation is 1ps
Compiling module xil_defaultlib.MUX2_1_16bit
Compiling module xil_defaultlib.AND
Compiling module xil_defaultlib.Full_Adder_1bit
Compiling module xil_defaultlib.Adder_Substractor_8bit
Compiling module xil_defaultlib.Adder_Substractor_16bit
Compiling module xil_defaultlib.D_Latch
Compiling module xil_defaultlib.D_Flip_Flop
Compiling module xil_defaultlib.PART1_16bit
Compiling module xil_defaultlib.PART2_c
Compiling module xil_defaultlib.PART2_c_test
Compiling module xil_defaultlib.glbl
Built simulation snapshot PART2_c_test_behav
INFO: [USF-XSim-69] 'elaborate' step finished in '2' seconds
INFO: [USF-XSim-4] XSim::Simulate design
INFO: [USF-XSim-61] Executing 'SIMULATE' step in 'C:/Users/mertc/Desktop/BLG222E-Project1/BLG-Project1/BLG-Project1.sim/sim_1/behav/xsim'
INFO: [USF-XSim-98] *** Running xsim
   with args "PART2_c_test_behav -key {Behavioral:sim_1:Functional:PART2_c_test} -tclbatch {PART2_c_test.tcl} -log {simulate.log}"
INFO: [USF-XSim-8] Loading simulator feature
Vivado Simulator 2017.4
Time resolution is 1 ps
source PART2_c_test.tcl
# set curr_wave [current_wave_config]
# if { [string length $curr_wave] == 0 } {
#   if { [llength [get_objects]] > 0} {
#     add_wave /
#     set_property needs_save false [current_wave_config]
#   } else {
#      send_msg_id Add_Wave-1 WARNING "No top level signals found. Simulator will start without a wave window. If you want to open a wave window go to 'File->New Waveform Configuration' or type 'create_wave_config' in the TCL console."
#   }
# }
# run 1000ns
INFO: [USF-XSim-96] XSim completed. Design snapshot 'PART2_c_test_behav' loaded.
INFO: [USF-XSim-97] XSim simulation ran for 1000ns
close_sim
INFO: [Simtcl 6-16] Simulation closed
close_design
launch_simulation
INFO: [Vivado 12-5682] Launching behavioral simulation in 'C:/Users/mertc/Desktop/BLG222E-Project1/BLG-Project1/BLG-Project1.sim/sim_1/behav/xsim'
INFO: [SIM-utils-51] Simulation object is 'sim_1'
INFO: [SIM-utils-54] Inspecting design source files for 'PART2_c_test' in fileset 'sim_1'...
INFO: [USF-XSim-97] Finding global include files...
INFO: [USF-XSim-98] Fetching design files from 'sim_1'...
INFO: [USF-XSim-2] XSim::Compile design
INFO: [USF-XSim-61] Executing 'COMPILE and ANALYZE' step in 'C:/Users/mertc/Desktop/BLG222E-Project1/BLG-Project1/BLG-Project1.sim/sim_1/behav/xsim'
"xvlog --incr --relax -prj PART2_c_test_vlog.prj"
INFO: [VRFC 10-2263] Analyzing Verilog file "C:/Users/mertc/Desktop/BLG222E-Project1/BLG-Project1/BLG-Project1.srcs/sources_1/new/designs.v" into library xil_defaultlib
INFO: [VRFC 10-311] analyzing module D_Latch
INFO: [VRFC 10-311] analyzing module D_Flip_Flop
INFO: [VRFC 10-311] analyzing module MUX2_1_8bit
INFO: [VRFC 10-311] analyzing module MUX4_1_8bit
INFO: [VRFC 10-311] analyzing module MUX2_1_16bit
INFO: [VRFC 10-311] analyzing module Full_Adder_1bit
INFO: [VRFC 10-311] analyzing module Adder_Substractor_8bit
INFO: [VRFC 10-311] analyzing module Adder_Substractor_16bit
INFO: [VRFC 10-311] analyzing module PART1_8bit
INFO: [VRFC 10-311] analyzing module PART1_16bit
INFO: [VRFC 10-311] analyzing module PART2_a
INFO: [VRFC 10-311] analyzing module PART2_b
INFO: [VRFC 10-311] analyzing module AND
INFO: [VRFC 10-311] analyzing module PART2_c
INFO: [VRFC 10-2263] Analyzing Verilog file "C:/Users/mertc/Desktop/BLG222E-Project1/BLG-Project1/BLG-Project1.srcs/sim_1/new/simulations.v" into library xil_defaultlib
INFO: [VRFC 10-311] analyzing module part1_8bit_test
INFO: [VRFC 10-311] analyzing module part1_16bit_test
INFO: [VRFC 10-311] analyzing module PART2_c_test
INFO: [USF-XSim-69] 'compile' step finished in '1' seconds
INFO: [USF-XSim-3] XSim::Elaborate design
INFO: [USF-XSim-61] Executing 'ELABORATE' step in 'C:/Users/mertc/Desktop/BLG222E-Project1/BLG-Project1/BLG-Project1.sim/sim_1/behav/xsim'
Vivado Simulator 2017.4
Copyright 1986-1999, 2001-2016 Xilinx, Inc. All Rights Reserved.
Running: D:/Vivado/2017.4/bin/unwrapped/win64.o/xelab.exe -wto f97be7fe3a3244819be057ad0ade57cb --incr --debug typical --relax --mt 2 -L xil_defaultlib -L unisims_ver -L unimacro_ver -L secureip --snapshot PART2_c_test_behav xil_defaultlib.PART2_c_test xil_defaultlib.glbl -log elaborate.log 
Using 2 slave threads.
Starting static elaboration
Completed static elaboration
Starting simulation data flow analysis
Completed simulation data flow analysis
Time Resolution for simulation is 1ps
Compiling module xil_defaultlib.MUX2_1_16bit
Compiling module xil_defaultlib.Full_Adder_1bit
Compiling module xil_defaultlib.Adder_Substractor_8bit
Compiling module xil_defaultlib.Adder_Substractor_16bit
Compiling module xil_defaultlib.D_Latch
Compiling module xil_defaultlib.D_Flip_Flop
Compiling module xil_defaultlib.PART1_16bit
Compiling module xil_defaultlib.PART2_c
Compiling module xil_defaultlib.PART2_c_test
Compiling module xil_defaultlib.glbl
Built simulation snapshot PART2_c_test_behav
INFO: [USF-XSim-69] 'elaborate' step finished in '3' seconds
INFO: [USF-XSim-4] XSim::Simulate design
INFO: [USF-XSim-61] Executing 'SIMULATE' step in 'C:/Users/mertc/Desktop/BLG222E-Project1/BLG-Project1/BLG-Project1.sim/sim_1/behav/xsim'
INFO: [USF-XSim-98] *** Running xsim
   with args "PART2_c_test_behav -key {Behavioral:sim_1:Functional:PART2_c_test} -tclbatch {PART2_c_test.tcl} -log {simulate.log}"
INFO: [USF-XSim-8] Loading simulator feature
Vivado Simulator 2017.4
Time resolution is 1 ps
source PART2_c_test.tcl
# set curr_wave [current_wave_config]
# if { [string length $curr_wave] == 0 } {
#   if { [llength [get_objects]] > 0} {
#     add_wave /
#     set_property needs_save false [current_wave_config]
#   } else {
#      send_msg_id Add_Wave-1 WARNING "No top level signals found. Simulator will start without a wave window. If you want to open a wave window go to 'File->New Waveform Configuration' or type 'create_wave_config' in the TCL console."
#   }
# }
# run 1000ns
INFO: [USF-XSim-96] XSim completed. Design snapshot 'PART2_c_test_behav' loaded.
INFO: [USF-XSim-97] XSim simulation ran for 1000ns
launch_simulation: Time (s): cpu = 00:00:04 ; elapsed = 00:00:08 . Memory (MB): peak = 1446.707 ; gain = 0.000
close_sim
INFO: [Simtcl 6-16] Simulation closed
update_compile_order -fileset sim_1
update_compile_order -fileset sim_1
set_property top PART2_a_test [get_filesets sim_1]
set_property top_lib xil_defaultlib [get_filesets sim_1]
launch_simulation
INFO: [Vivado 12-5682] Launching behavioral simulation in 'C:/Users/mertc/Desktop/BLG222E-Project1/BLG-Project1/BLG-Project1.sim/sim_1/behav/xsim'
INFO: [SIM-utils-51] Simulation object is 'sim_1'
INFO: [SIM-utils-54] Inspecting design source files for 'PART2_a_test' in fileset 'sim_1'...
INFO: [USF-XSim-97] Finding global include files...
INFO: [USF-XSim-98] Fetching design files from 'sim_1'...
INFO: [USF-XSim-2] XSim::Compile design
INFO: [USF-XSim-61] Executing 'COMPILE and ANALYZE' step in 'C:/Users/mertc/Desktop/BLG222E-Project1/BLG-Project1/BLG-Project1.sim/sim_1/behav/xsim'
"xvlog --incr --relax -prj PART2_a_test_vlog.prj"
INFO: [VRFC 10-2263] Analyzing Verilog file "C:/Users/mertc/Desktop/BLG222E-Project1/BLG-Project1/BLG-Project1.srcs/sources_1/new/designs.v" into library xil_defaultlib
INFO: [VRFC 10-311] analyzing module D_Latch
INFO: [VRFC 10-311] analyzing module D_Flip_Flop
INFO: [VRFC 10-311] analyzing module MUX2_1_8bit
INFO: [VRFC 10-311] analyzing module MUX4_1_8bit
INFO: [VRFC 10-311] analyzing module MUX2_1_16bit
INFO: [VRFC 10-311] analyzing module Full_Adder_1bit
INFO: [VRFC 10-311] analyzing module Adder_Substractor_8bit
INFO: [VRFC 10-311] analyzing module Adder_Substractor_16bit
INFO: [VRFC 10-311] analyzing module PART1_8bit
INFO: [VRFC 10-311] analyzing module PART1_16bit
INFO: [VRFC 10-311] analyzing module PART2_a
INFO: [VRFC 10-311] analyzing module PART2_b
INFO: [VRFC 10-311] analyzing module PART2_c
INFO: [VRFC 10-2263] Analyzing Verilog file "C:/Users/mertc/Desktop/BLG222E-Project1/BLG-Project1/BLG-Project1.srcs/sim_1/new/simulations.v" into library xil_defaultlib
INFO: [VRFC 10-311] analyzing module part1_8bit_test
INFO: [VRFC 10-311] analyzing module part1_16bit_test
INFO: [VRFC 10-311] analyzing module PART2_a_test
INFO: [VRFC 10-311] analyzing module PART2_c_test
INFO: [USF-XSim-69] 'compile' step finished in '1' seconds
INFO: [USF-XSim-3] XSim::Elaborate design
INFO: [USF-XSim-61] Executing 'ELABORATE' step in 'C:/Users/mertc/Desktop/BLG222E-Project1/BLG-Project1/BLG-Project1.sim/sim_1/behav/xsim'
Vivado Simulator 2017.4
Copyright 1986-1999, 2001-2016 Xilinx, Inc. All Rights Reserved.
Running: D:/Vivado/2017.4/bin/unwrapped/win64.o/xelab.exe -wto f97be7fe3a3244819be057ad0ade57cb --incr --debug typical --relax --mt 2 -L xil_defaultlib -L unisims_ver -L unimacro_ver -L secureip --snapshot PART2_a_test_behav xil_defaultlib.PART2_a_test xil_defaultlib.glbl -log elaborate.log 
Using 2 slave threads.
Starting static elaboration
Completed static elaboration
Starting simulation data flow analysis
Completed simulation data flow analysis
Time Resolution for simulation is 1ps
Compiling module xil_defaultlib.MUX2_1_8bit
Compiling module xil_defaultlib.Full_Adder_1bit
Compiling module xil_defaultlib.Adder_Substractor_8bit
Compiling module xil_defaultlib.D_Latch
Compiling module xil_defaultlib.D_Flip_Flop
Compiling module xil_defaultlib.PART1_8bit
Compiling module xil_defaultlib.MUX4_1_8bit
Compiling module xil_defaultlib.PART2_a
Compiling module xil_defaultlib.PART2_a_test
Compiling module xil_defaultlib.glbl
Built simulation snapshot PART2_a_test_behav

****** Webtalk v2017.4.1 (64-bit)
  **** SW Build 2117270 on Tue Jan 30 15:32:00 MST 2018
  **** IP Build 2095745 on Tue Jan 30 17:13:15 MST 2018
    ** Copyright 1986-2017 Xilinx, Inc. All Rights Reserved.

source C:/Users/mertc/Desktop/BLG222E-Project1/BLG-Project1/BLG-Project1.sim/sim_1/behav/xsim/xsim.dir/PART2_a_test_behav/webtalk/xsim_webtalk.tcl -notrace
INFO: [Common 17-206] Exiting Webtalk at Fri May  6 03:55:21 2022...
INFO: [USF-XSim-69] 'elaborate' step finished in '3' seconds
INFO: [USF-XSim-4] XSim::Simulate design
INFO: [USF-XSim-61] Executing 'SIMULATE' step in 'C:/Users/mertc/Desktop/BLG222E-Project1/BLG-Project1/BLG-Project1.sim/sim_1/behav/xsim'
INFO: [USF-XSim-98] *** Running xsim
   with args "PART2_a_test_behav -key {Behavioral:sim_1:Functional:PART2_a_test} -tclbatch {PART2_a_test.tcl} -log {simulate.log}"
INFO: [USF-XSim-8] Loading simulator feature
Vivado Simulator 2017.4
Time resolution is 1 ps
source PART2_a_test.tcl
# set curr_wave [current_wave_config]
# if { [string length $curr_wave] == 0 } {
#   if { [llength [get_objects]] > 0} {
#     add_wave /
#     set_property needs_save false [current_wave_config]
#   } else {
#      send_msg_id Add_Wave-1 WARNING "No top level signals found. Simulator will start without a wave window. If you want to open a wave window go to 'File->New Waveform Configuration' or type 'create_wave_config' in the TCL console."
#   }
# }
# run 1000ns
INFO: [USF-XSim-96] XSim completed. Design snapshot 'PART2_a_test_behav' loaded.
INFO: [USF-XSim-97] XSim simulation ran for 1000ns
launch_simulation: Time (s): cpu = 00:00:05 ; elapsed = 00:00:09 . Memory (MB): peak = 1446.707 ; gain = 0.000
close_sim
INFO: [Simtcl 6-16] Simulation closed
set_property top PART2_b_test [get_filesets sim_1]
set_property top_lib xil_defaultlib [get_filesets sim_1]
launch_simulation
INFO: [Vivado 12-5682] Launching behavioral simulation in 'C:/Users/mertc/Desktop/BLG222E-Project1/BLG-Project1/BLG-Project1.sim/sim_1/behav/xsim'
INFO: [SIM-utils-51] Simulation object is 'sim_1'
INFO: [SIM-utils-54] Inspecting design source files for 'PART2_b_test' in fileset 'sim_1'...
INFO: [USF-XSim-97] Finding global include files...
INFO: [USF-XSim-98] Fetching design files from 'sim_1'...
INFO: [USF-XSim-2] XSim::Compile design
INFO: [USF-XSim-61] Executing 'COMPILE and ANALYZE' step in 'C:/Users/mertc/Desktop/BLG222E-Project1/BLG-Project1/BLG-Project1.sim/sim_1/behav/xsim'
"xvlog --incr --relax -prj PART2_b_test_vlog.prj"
INFO: [VRFC 10-2263] Analyzing Verilog file "C:/Users/mertc/Desktop/BLG222E-Project1/BLG-Project1/BLG-Project1.srcs/sources_1/new/designs.v" into library xil_defaultlib
INFO: [VRFC 10-311] analyzing module D_Latch
INFO: [VRFC 10-311] analyzing module D_Flip_Flop
INFO: [VRFC 10-311] analyzing module MUX2_1_8bit
INFO: [VRFC 10-311] analyzing module MUX4_1_8bit
INFO: [VRFC 10-311] analyzing module MUX2_1_16bit
INFO: [VRFC 10-311] analyzing module Full_Adder_1bit
INFO: [VRFC 10-311] analyzing module Adder_Substractor_8bit
INFO: [VRFC 10-311] analyzing module Adder_Substractor_16bit
INFO: [VRFC 10-311] analyzing module PART1_8bit
INFO: [VRFC 10-311] analyzing module PART1_16bit
INFO: [VRFC 10-311] analyzing module PART2_a
INFO: [VRFC 10-311] analyzing module PART2_b
INFO: [VRFC 10-311] analyzing module PART2_c
INFO: [VRFC 10-2263] Analyzing Verilog file "C:/Users/mertc/Desktop/BLG222E-Project1/BLG-Project1/BLG-Project1.srcs/sim_1/new/simulations.v" into library xil_defaultlib
INFO: [VRFC 10-311] analyzing module part1_8bit_test
INFO: [VRFC 10-311] analyzing module part1_16bit_test
INFO: [VRFC 10-311] analyzing module PART2_a_test
INFO: [VRFC 10-311] analyzing module PART2_b_test
INFO: [VRFC 10-311] analyzing module PART2_c_test
INFO: [USF-XSim-69] 'compile' step finished in '1' seconds
INFO: [USF-XSim-3] XSim::Elaborate design
INFO: [USF-XSim-61] Executing 'ELABORATE' step in 'C:/Users/mertc/Desktop/BLG222E-Project1/BLG-Project1/BLG-Project1.sim/sim_1/behav/xsim'
Vivado Simulator 2017.4
Copyright 1986-1999, 2001-2016 Xilinx, Inc. All Rights Reserved.
Running: D:/Vivado/2017.4/bin/unwrapped/win64.o/xelab.exe -wto f97be7fe3a3244819be057ad0ade57cb --incr --debug typical --relax --mt 2 -L xil_defaultlib -L unisims_ver -L unimacro_ver -L secureip --snapshot PART2_b_test_behav xil_defaultlib.PART2_b_test xil_defaultlib.glbl -log elaborate.log 
Using 2 slave threads.
Starting static elaboration
Completed static elaboration
Starting simulation data flow analysis
Completed simulation data flow analysis
Time Resolution for simulation is 1ps
Compiling module xil_defaultlib.MUX2_1_8bit
Compiling module xil_defaultlib.Full_Adder_1bit
Compiling module xil_defaultlib.Adder_Substractor_8bit
Compiling module xil_defaultlib.D_Latch
Compiling module xil_defaultlib.D_Flip_Flop
Compiling module xil_defaultlib.PART1_8bit
Compiling module xil_defaultlib.MUX4_1_8bit
Compiling module xil_defaultlib.PART2_b
Compiling module xil_defaultlib.PART2_b_test
Compiling module xil_defaultlib.glbl
Built simulation snapshot PART2_b_test_behav

****** Webtalk v2017.4.1 (64-bit)
  **** SW Build 2117270 on Tue Jan 30 15:32:00 MST 2018
  **** IP Build 2095745 on Tue Jan 30 17:13:15 MST 2018
    ** Copyright 1986-2017 Xilinx, Inc. All Rights Reserved.

source C:/Users/mertc/Desktop/BLG222E-Project1/BLG-Project1/BLG-Project1.sim/sim_1/behav/xsim/xsim.dir/PART2_b_test_behav/webtalk/xsim_webtalk.tcl -notrace
INFO: [Common 17-206] Exiting Webtalk at Fri May  6 03:59:07 2022...
INFO: [USF-XSim-69] 'elaborate' step finished in '3' seconds
INFO: [USF-XSim-4] XSim::Simulate design
INFO: [USF-XSim-61] Executing 'SIMULATE' step in 'C:/Users/mertc/Desktop/BLG222E-Project1/BLG-Project1/BLG-Project1.sim/sim_1/behav/xsim'
INFO: [USF-XSim-98] *** Running xsim
   with args "PART2_b_test_behav -key {Behavioral:sim_1:Functional:PART2_b_test} -tclbatch {PART2_b_test.tcl} -log {simulate.log}"
INFO: [USF-XSim-8] Loading simulator feature
Vivado Simulator 2017.4
Time resolution is 1 ps
source PART2_b_test.tcl
# set curr_wave [current_wave_config]
# if { [string length $curr_wave] == 0 } {
#   if { [llength [get_objects]] > 0} {
#     add_wave /
#     set_property needs_save false [current_wave_config]
#   } else {
#      send_msg_id Add_Wave-1 WARNING "No top level signals found. Simulator will start without a wave window. If you want to open a wave window go to 'File->New Waveform Configuration' or type 'create_wave_config' in the TCL console."
#   }
# }
# run 1000ns
INFO: [USF-XSim-96] XSim completed. Design snapshot 'PART2_b_test_behav' loaded.
INFO: [USF-XSim-97] XSim simulation ran for 1000ns
launch_simulation: Time (s): cpu = 00:00:01 ; elapsed = 00:00:06 . Memory (MB): peak = 1446.707 ; gain = 0.000
close_sim
INFO: [Simtcl 6-16] Simulation closed
exit
INFO: [Common 17-206] Exiting Vivado at Fri May  6 04:02:10 2022...
