#-----------------------------------------------------------
# Vivado v2017.4.1 (64-bit)
# SW Build 2117270 on Tue Jan 30 15:32:00 MST 2018
# IP Build 2095745 on Tue Jan 30 17:13:15 MST 2018
# Start of session at: Tue May  3 22:18:03 2022
# Process ID: 2008
# Current directory: C:/Users/mertc/Desktop/BLG222E-Project1/BLG-Project1
# Command line: vivado.exe -gui_launcher_event rodinguilauncherevent18420 C:\Users\mertc\Desktop\BLG222E-Project1\BLG-Project1\BLG-Project1.xpr
# Log file: C:/Users/mertc/Desktop/BLG222E-Project1/BLG-Project1/vivado.log
# Journal file: C:/Users/mertc/Desktop/BLG222E-Project1/BLG-Project1\vivado.jou
#-----------------------------------------------------------
start_gui
open_project C:/Users/mertc/Desktop/BLG222E-Project1/BLG-Project1/BLG-Project1.xpr
Scanning sources...
Finished scanning sources
INFO: [IP_Flow 19-234] Refreshing IP repositories
INFO: [IP_Flow 19-1704] No user IP repositories specified
INFO: [IP_Flow 19-2313] Loaded Vivado IP repository 'D:/Vivado/2017.4/data/ip'.
update_compile_order -fileset sources_1
exit
INFO: [Common 17-206] Exiting Vivado at Tue May  3 22:19:29 2022...
